-------------------------------------------------------------------------------
Test set: com.cjq.springbootblog.test.TestEntity
-------------------------------------------------------------------------------
Tests run: 1, Failures: 0, Errors: 1, Skipped: 0, Time elapsed: 0 s <<< FAILURE! - in com.cjq.springbootblog.test.TestEntity
initializationError(com.cjq.springbootblog.test.TestEntity)  Time elapsed: 0 s  <<< ERROR!
java.lang.Exception: No runnable methods

