<?xml version="1.0" encoding="UTF-8"?>
<testsuite xmlns:xsi="http://www.w3.org/2001/XMLSchema-instance" xsi:noNamespaceSchemaLocation="https://maven.apache.org/surefire/maven-surefire-plugin/xsd/surefire-test-report.xsd" name="com.cjq.springbootblog.SpringbootBlogApplicationTests" time="1.706" tests="1" errors="1" skipped="0" failures="0">
  <properties>
[...]
</properties>
  <testcase name="contextLoads" classname="com.cjq.springbootblog.SpringbootBlogApplicationTests" time="0.002">
    <error message="Failed to load ApplicationContext" type="java.lang.IllegalStateException">java.lang.IllegalStateException: Failed to load ApplicationContext
Caused by: org.springframework.beans.factory.UnsatisfiedDependencyException: Error creating bean with name 'inMemoryDatabaseShutdownExecutor' defined in class path resource [org/springframework/boot/devtools/autoconfigure/DevToolsDataSourceAutoConfiguration.class]: Unsatisfied dependency expressed through method 'inMemoryDatabaseShutdownExecutor' parameter 0; nested exception is org.springframework.beans.factory.BeanCreationException: Error creating bean with name 'dataSource' defined in class path resource [org/springframework/boot/autoconfigure/jdbc/DataSourceConfiguration$Hikari.class]: Bean instantiation via factory method failed; nested exception is org.springframework.beans.BeanInstantiationException: Failed to instantiate [com.zaxxer.hikari.HikariDataSource]: Factory method 'dataSource' threw exception; nested exception is java.lang.IllegalStateException: Cannot load driver class: com.mysql.cj.jdbc.Driver
Caused by: org.springframework.beans.factory.BeanCreationException: Error creating bean with name 'dataSource' defined in class path resource [org/springframework/boot/autoconfigure/jdbc/DataSourceConfiguration$Hikari.class]: Bean instantiation via factory method failed; nested exception is org.springframework.beans.BeanInstantiationException: Failed to instantiate [com.zaxxer.hikari.HikariDataSource]: Factory method 'dataSource' threw exception; nested exception is java.lang.IllegalStateException: Cannot load driver class: com.mysql.cj.jdbc.Driver
Caused by: org.springframework.beans.BeanInstantiationException: Failed to instantiate [com.zaxxer.hikari.HikariDataSource]: Factory method 'dataSource' threw exception; nested exception is java.lang.IllegalStateException: Cannot load driver class: com.mysql.cj.jdbc.Driver
Caused by: java.lang.IllegalStateException: Cannot load driver class: com.mysql.cj.jdbc.Driver
</error>
    <system-out><![CDATA[22:57:03.198 [main] DEBUG org.springframework.test.context.junit4.SpringJUnit4ClassRunner - SpringJUnit4ClassRunner constructor called with [class com.cjq.springbootblog.SpringbootBlogApplicationTests]
22:57:03.203 [main] DEBUG org.springframework.test.context.BootstrapUtils - Instantiating CacheAwareContextLoaderDelegate from class [org.springframework.test.context.cache.DefaultCacheAwareContextLoaderDelegate]
22:57:03.209 [main] DEBUG org.springframework.test.context.BootstrapUtils - Instantiating BootstrapContext using constructor [public org.springframework.test.context.support.DefaultBootstrapContext(java.lang.Class,org.springframework.test.context.CacheAwareContextLoaderDelegate)]
22:57:03.223 [main] DEBUG org.springframework.test.context.BootstrapUtils - Instantiating TestContextBootstrapper for test class [com.cjq.springbootblog.SpringbootBlogApplicationTests] from class [org.springframework.boot.test.context.SpringBootTestContextBootstrapper]
22:57:03.232 [main] INFO org.springframework.boot.test.context.SpringBootTestContextBootstrapper - Neither @ContextConfiguration nor @ContextHierarchy found for test class [com.cjq.springbootblog.SpringbootBlogApplicationTests], using SpringBootContextLoader
22:57:03.235 [main] DEBUG org.springframework.test.context.support.AbstractContextLoader - Did not detect default resource location for test class [com.cjq.springbootblog.SpringbootBlogApplicationTests]: class path resource [com/cjq/springbootblog/SpringbootBlogApplicationTests-context.xml] does not exist
22:57:03.235 [main] DEBUG org.springframework.test.context.support.AbstractContextLoader - Did not detect default resource location for test class [com.cjq.springbootblog.SpringbootBlogApplicationTests]: class path resource [com/cjq/springbootblog/SpringbootBlogApplicationTestsContext.groovy] does not exist
22:57:03.235 [main] INFO org.springframework.test.context.support.AbstractContextLoader - Could not detect default resource locations for test class [com.cjq.springbootblog.SpringbootBlogApplicationTests]: no resource found for suffixes {-context.xml, Context.groovy}.
22:57:03.236 [main] INFO org.springframework.test.context.support.AnnotationConfigContextLoaderUtils - Could not detect default configuration classes for test class [com.cjq.springbootblog.SpringbootBlogApplicationTests]: SpringbootBlogApplicationTests does not declare any static, non-private, non-final, nested classes annotated with @Configuration.
22:57:03.266 [main] DEBUG org.springframework.test.context.support.ActiveProfilesUtils - Could not find an 'annotation declaring class' for annotation type [org.springframework.test.context.ActiveProfiles] and class [com.cjq.springbootblog.SpringbootBlogApplicationTests]
22:57:03.272 [main] DEBUG org.springframework.core.env.StandardEnvironment - Adding PropertySource 'systemProperties' with lowest search precedence
22:57:03.272 [main] DEBUG org.springframework.core.env.StandardEnvironment - Adding PropertySource 'systemEnvironment' with lowest search precedence
22:57:03.272 [main] DEBUG org.springframework.core.env.StandardEnvironment - Initialized StandardEnvironment with PropertySources [MapPropertySource@876926621 {name='systemProperties', properties={java.runtime.name=Java(TM) SE Runtime Environment, sun.boot.library.path=F:\Program Files\Java\jdk1.8.0_201\jre\bin, java.vm.version=25.201-b09, java.vm.vendor=Oracle Corporation, java.vendor.url=http://java.oracle.com/, path.separator=;, java.vm.name=Java HotSpot(TM) 64-Bit Server VM, file.encoding.pkg=sun.io, user.country=CN, user.script=, sun.java.launcher=SUN_STANDARD, sun.os.patch.level=, java.vm.specification.name=Java Virtual Machine Specification, user.dir=D:\Users\Cai_Jianqiu\Documents\Intellij_Projects\springboot-blog, java.runtime.version=1.8.0_201-b09, basedir=D:\Users\Cai_Jianqiu\Documents\Intellij_Projects\springboot-blog, java.awt.graphicsenv=sun.awt.Win32GraphicsEnvironment, java.endorsed.dirs=F:\Program Files\Java\jdk1.8.0_201\jre\lib\endorsed, os.arch=amd64, surefire.real.class.path=C:\Users\CAI_JI~1\AppData\Local\Temp\surefire2579635627966068474\surefirebooter8836778453098784807.jar, java.io.tmpdir=C:\Users\CAI_JI~1\AppData\Local\Temp\, line.separator=
, java.vm.specification.vendor=Oracle Corporation, user.variant=, os.name=Windows 10, sun.jnu.encoding=GBK, java.library.path=F:\Program Files\Java\jdk1.8.0_201\jre\bin;C:\WINDOWS\Sun\Java\bin;C:\WINDOWS\system32;C:\WINDOWS;F:\ProgramData\Anaconda3;F:\ProgramData\Anaconda3\Library\mingw-w64\bin;F:\ProgramData\Anaconda3\Library\usr\bin;F:\ProgramData\Anaconda3\Library\bin;F:\ProgramData\Anaconda3\Scripts;F:\Program Files (x86)\NetSarang\Xshell 6\;F:\Program Files (x86)\NetSarang\Xftp 6\;C:\Program Files (x86)\Common Files\Oracle\Java\javapath;C:\Program Files (x86)\Intel\Intel(R) Management Engine Components\iCLS\;C:\Program Files\Intel\Intel(R) Management Engine Components\iCLS\;C:\Windows\system32;C:\Windows;C:\Windows\System32\Wbem;C:\Windows\System32\WindowsPowerShell\v1.0\;C:\Program Files (x86)\Intel\Intel(R) Management Engine Components\DAL;C:\Program Files\Intel\Intel(R) Management Engine Components\DAL;C:\Program Files (x86)\Intel\Intel(R) Management Engine Components\IPT;C:\Program Files\Intel\Intel(R) Management Engine Components\IPT;C:\Program Files (x86)\NVIDIA Corporation\PhysX\Common;C:\WINDOWS\system32;C:\WINDOWS;C:\WINDOWS\System32\Wbem;C:\WINDOWS\System32\WindowsPowerShell\v1.0\;C:\WINDOWS\System32\OpenSSH\;F:\Program Files\MATLAB\R2019a\runtime\win64;F:\Program Files\MATLAB\R2019a\bin;C:\Program Files\NVIDIA Corporation\NVIDIA NvDLISR;C:\WINDOWS\system32;C:\WINDOWS;C:\WINDOWS\System32\Wbem;C:\WINDOWS\System32\WindowsPowerShell\v1.0\;C:\WINDOWS\System32\OpenSSH\;F:\Program Files\nodejs;F:\Program Files\nodejs\npm_modules;C:\Users\Cai_Jianqiu\AppData\Local\Microsoft\WindowsApps;C:\Users\Cai_Jianqiu\AppData\Local\Programs\Microsoft VS Code\bin;F:\Program Files (x86)\Microsoft Visual Studio Code\Microsoft VS Code\bin;C:\Users\Cai_Jianqiu\AppData\Local\Microsoft\WindowsApps;;., surefire.test.class.path=D:\Users\Cai_Jianqiu\Documents\Intellij_Projects\springboot-blog\target\test-classes;D:\Users\Cai_Jianqiu\Documents\Intellij_Projects\springboot-blog\target\classes;D:\Users\Cai_Jianqiu\.m2\repository\org\springframework\boot\spring-boot-starter-data-jpa\2.0.8.RELEASE\spring-boot-starter-data-jpa-2.0.8.RELEASE.jar;D:\Users\Cai_Jianqiu\.m2\repository\org\springframework\boot\spring-boot-starter\2.0.8.RELEASE\spring-boot-starter-2.0.8.RELEASE.jar;D:\Users\Cai_Jianqiu\.m2\repository\org\springframework\boot\spring-boot-starter-logging\2.0.8.RELEASE\spring-boot-starter-logging-2.0.8.RELEASE.jar;D:\Users\Cai_Jianqiu\.m2\repository\ch\qos\logback\logback-classic\1.2.3\logback-classic-1.2.3.jar;D:\Users\Cai_Jianqiu\.m2\repository\ch\qos\logback\logback-core\1.2.3\logback-core-1.2.3.jar;D:\Users\Cai_Jianqiu\.m2\repository\org\apache\logging\log4j\log4j-to-slf4j\2.10.0\log4j-to-slf4j-2.10.0.jar;D:\Users\Cai_Jianqiu\.m2\repository\org\apache\logging\log4j\log4j-api\2.10.0\log4j-api-2.10.0.jar;D:\Users\Cai_Jianqiu\.m2\repository\org\slf4j\jul-to-slf4j\1.7.25\jul-to-slf4j-1.7.25.jar;D:\Users\Cai_Jianqiu\.m2\repository\javax\annotation\javax.annotation-api\1.3.2\javax.annotation-api-1.3.2.jar;D:\Users\Cai_Jianqiu\.m2\repository\org\yaml\snakeyaml\1.19\snakeyaml-1.19.jar;D:\Users\Cai_Jianqiu\.m2\repository\org\springframework\boot\spring-boot-starter-aop\2.0.8.RELEASE\spring-boot-starter-aop-2.0.8.RELEASE.jar;D:\Users\Cai_Jianqiu\.m2\repository\org\aspectj\aspectjweaver\1.8.13\aspectjweaver-1.8.13.jar;D:\Users\Cai_Jianqiu\.m2\repository\org\springframework\boot\spring-boot-starter-jdbc\2.0.8.RELEASE\spring-boot-starter-jdbc-2.0.8.RELEASE.jar;D:\Users\Cai_Jianqiu\.m2\repository\com\zaxxer\HikariCP\2.7.9\HikariCP-2.7.9.jar;D:\Users\Cai_Jianqiu\.m2\repository\org\springframework\spring-jdbc\5.0.12.RELEASE\spring-jdbc-5.0.12.RELEASE.jar;D:\Users\Cai_Jianqiu\.m2\repository\javax\transaction\javax.transaction-api\1.2\javax.transaction-api-1.2.jar;D:\Users\Cai_Jianqiu\.m2\repository\org\hibernate\hibernate-core\5.2.17.Final\hibernate-core-5.2.17.Final.jar;D:\Users\Cai_Jianqiu\.m2\repository\org\jboss\logging\jboss-logging\3.3.2.Final\jboss-logging-3.3.2.Final.jar;D:\Users\Cai_Jianqiu\.m2\repository\org\hibernate\javax\persistence\hibernate-jpa-2.1-api\1.0.2.Final\hibernate-jpa-2.1-api-1.0.2.Final.jar;D:\Users\Cai_Jianqiu\.m2\repository\org\javassist\javassist\3.22.0-GA\javassist-3.22.0-GA.jar;D:\Users\Cai_Jianqiu\.m2\repository\antlr\antlr\2.7.7\antlr-2.7.7.jar;D:\Users\Cai_Jianqiu\.m2\repository\org\jboss\jandex\2.0.3.Final\jandex-2.0.3.Final.jar;D:\Users\Cai_Jianqiu\.m2\repository\com\fasterxml\classmate\1.3.4\classmate-1.3.4.jar;D:\Users\Cai_Jianqiu\.m2\repository\dom4j\dom4j\1.6.1\dom4j-1.6.1.jar;D:\Users\Cai_Jianqiu\.m2\repository\org\hibernate\common\hibernate-commons-annotations\5.0.1.Final\hibernate-commons-annotations-5.0.1.Final.jar;D:\Users\Cai_Jianqiu\.m2\repository\org\springframework\data\spring-data-jpa\2.0.13.RELEASE\spring-data-jpa-2.0.13.RELEASE.jar;D:\Users\Cai_Jianqiu\.m2\repository\org\springframework\data\spring-data-commons\2.0.13.RELEASE\spring-data-commons-2.0.13.RELEASE.jar;D:\Users\Cai_Jianqiu\.m2\repository\org\springframework\spring-orm\5.0.12.RELEASE\spring-orm-5.0.12.RELEASE.jar;D:\Users\Cai_Jianqiu\.m2\repository\org\springframework\spring-context\5.0.12.RELEASE\spring-context-5.0.12.RELEASE.jar;D:\Users\Cai_Jianqiu\.m2\repository\org\springframework\spring-tx\5.0.12.RELEASE\spring-tx-5.0.12.RELEASE.jar;D:\Users\Cai_Jianqiu\.m2\repository\org\springframework\spring-beans\5.0.12.RELEASE\spring-beans-5.0.12.RELEASE.jar;D:\Users\Cai_Jianqiu\.m2\repository\org\springframework\spring-aspects\5.0.12.RELEASE\spring-aspects-5.0.12.RELEASE.jar;D:\Users\Cai_Jianqiu\.m2\repository\org\springframework\boot\spring-boot-starter-thymeleaf\2.0.8.RELEASE\spring-boot-starter-thymeleaf-2.0.8.RELEASE.jar;D:\Users\Cai_Jianqiu\.m2\repository\org\thymeleaf\thymeleaf-spring5\3.0.11.RELEASE\thymeleaf-spring5-3.0.11.RELEASE.jar;D:\Users\Cai_Jianqiu\.m2\repository\org\thymeleaf\thymeleaf\3.0.11.RELEASE\thymeleaf-3.0.11.RELEASE.jar;D:\Users\Cai_Jianqiu\.m2\repository\org\attoparser\attoparser\2.0.5.RELEASE\attoparser-2.0.5.RELEASE.jar;D:\Users\Cai_Jianqiu\.m2\repository\org\unbescape\unbescape\1.1.6.RELEASE\unbescape-1.1.6.RELEASE.jar;D:\Users\Cai_Jianqiu\.m2\repository\org\thymeleaf\extras\thymeleaf-extras-java8time\3.0.2.RELEASE\thymeleaf-extras-java8time-3.0.2.RELEASE.jar;D:\Users\Cai_Jianqiu\.m2\repository\org\springframework\boot\spring-boot-starter-web\2.0.8.RELEASE\spring-boot-starter-web-2.0.8.RELEASE.jar;D:\Users\Cai_Jianqiu\.m2\repository\org\springframework\boot\spring-boot-starter-json\2.0.8.RELEASE\spring-boot-starter-json-2.0.8.RELEASE.jar;D:\Users\Cai_Jianqiu\.m2\repository\com\fasterxml\jackson\core\jackson-databind\2.9.8\jackson-databind-2.9.8.jar;D:\Users\Cai_Jianqiu\.m2\repository\com\fasterxml\jackson\core\jackson-annotations\2.9.0\jackson-annotations-2.9.0.jar;D:\Users\Cai_Jianqiu\.m2\repository\com\fasterxml\jackson\core\jackson-core\2.9.8\jackson-core-2.9.8.jar;D:\Users\Cai_Jianqiu\.m2\repository\com\fasterxml\jackson\datatype\jackson-datatype-jdk8\2.9.8\jackson-datatype-jdk8-2.9.8.jar;D:\Users\Cai_Jianqiu\.m2\repository\com\fasterxml\jackson\datatype\jackson-datatype-jsr310\2.9.8\jackson-datatype-jsr310-2.9.8.jar;D:\Users\Cai_Jianqiu\.m2\repository\com\fasterxml\jackson\module\jackson-module-parameter-names\2.9.8\jackson-module-parameter-names-2.9.8.jar;D:\Users\Cai_Jianqiu\.m2\repository\org\springframework\boot\spring-boot-starter-tomcat\2.0.8.RELEASE\spring-boot-starter-tomcat-2.0.8.RELEASE.jar;D:\Users\Cai_Jianqiu\.m2\repository\org\apache\tomcat\embed\tomcat-embed-core\8.5.37\tomcat-embed-core-8.5.37.jar;D:\Users\Cai_Jianqiu\.m2\repository\org\apache\tomcat\embed\tomcat-embed-el\8.5.37\tomcat-embed-el-8.5.37.jar;D:\Users\Cai_Jianqiu\.m2\repository\org\apache\tomcat\embed\tomcat-embed-websocket\8.5.37\tomcat-embed-websocket-8.5.37.jar;D:\Users\Cai_Jianqiu\.m2\repository\org\hibernate\validator\hibernate-validator\6.0.14.Final\hibernate-validator-6.0.14.Final.jar;D:\Users\Cai_Jianqiu\.m2\repository\javax\validation\validation-api\2.0.1.Final\validation-api-2.0.1.Final.jar;D:\Users\Cai_Jianqiu\.m2\repository\org\springframework\spring-web\5.0.12.RELEASE\spring-web-5.0.12.RELEASE.jar;D:\Users\Cai_Jianqiu\.m2\repository\org\springframework\spring-webmvc\5.0.12.RELEASE\spring-webmvc-5.0.12.RELEASE.jar;D:\Users\Cai_Jianqiu\.m2\repository\org\springframework\spring-expression\5.0.12.RELEASE\spring-expression-5.0.12.RELEASE.jar;D:\Users\Cai_Jianqiu\.m2\repository\mysql\mysql-connector-java\5.1.47\mysql-connector-java-5.1.47.jar;D:\Users\Cai_Jianqiu\.m2\repository\org\projectlombok\lombok\1.16.22\lombok-1.16.22.jar;D:\Users\Cai_Jianqiu\.m2\repository\org\apache\commons\commons-lang3\3.7\commons-lang3-3.7.jar;D:\Users\Cai_Jianqiu\.m2\repository\org\springframework\boot\spring-boot-starter-security\2.0.8.RELEASE\spring-boot-starter-security-2.0.8.RELEASE.jar;D:\Users\Cai_Jianqiu\.m2\repository\org\springframework\spring-aop\5.0.12.RELEASE\spring-aop-5.0.12.RELEASE.jar;D:\Users\Cai_Jianqiu\.m2\repository\org\springframework\security\spring-security-config\5.0.11.RELEASE\spring-security-config-5.0.11.RELEASE.jar;D:\Users\Cai_Jianqiu\.m2\repository\org\springframework\security\spring-security-core\5.0.11.RELEASE\spring-security-core-5.0.11.RELEASE.jar;D:\Users\Cai_Jianqiu\.m2\repository\org\springframework\security\spring-security-web\5.0.11.RELEASE\spring-security-web-5.0.11.RELEASE.jar;D:\Users\Cai_Jianqiu\.m2\repository\org\thymeleaf\extras\thymeleaf-extras-springsecurity4\3.0.4.RELEASE\thymeleaf-extras-springsecurity4-3.0.4.RELEASE.jar;D:\Users\Cai_Jianqiu\.m2\repository\org\slf4j\slf4j-api\1.7.25\slf4j-api-1.7.25.jar;D:\Users\Cai_Jianqiu\.m2\repository\org\springframework\boot\spring-boot-starter-test\2.0.8.RELEASE\spring-boot-starter-test-2.0.8.RELEASE.jar;D:\Users\Cai_Jianqiu\.m2\repository\org\springframework\boot\spring-boot-test\2.0.8.RELEASE\spring-boot-test-2.0.8.RELEASE.jar;D:\Users\Cai_Jianqiu\.m2\repository\org\springframework\boot\spring-boot-test-autoconfigure\2.0.8.RELEASE\spring-boot-test-autoconfigure-2.0.8.RELEASE.jar;D:\Users\Cai_Jianqiu\.m2\repository\com\jayway\jsonpath\json-path\2.4.0\json-path-2.4.0.jar;D:\Users\Cai_Jianqiu\.m2\repository\net\minidev\json-smart\2.3\json-smart-2.3.jar;D:\Users\Cai_Jianqiu\.m2\repository\net\minidev\accessors-smart\1.2\accessors-smart-1.2.jar;D:\Users\Cai_Jianqiu\.m2\repository\org\ow2\asm\asm\5.0.4\asm-5.0.4.jar;D:\Users\Cai_Jianqiu\.m2\repository\junit\junit\4.12\junit-4.12.jar;D:\Users\Cai_Jianqiu\.m2\repository\org\assertj\assertj-core\3.9.1\assertj-core-3.9.1.jar;D:\Users\Cai_Jianqiu\.m2\repository\org\mockito\mockito-core\2.15.0\mockito-core-2.15.0.jar;D:\Users\Cai_Jianqiu\.m2\repository\net\bytebuddy\byte-buddy\1.7.11\byte-buddy-1.7.11.jar;D:\Users\Cai_Jianqiu\.m2\repository\net\bytebuddy\byte-buddy-agent\1.7.11\byte-buddy-agent-1.7.11.jar;D:\Users\Cai_Jianqiu\.m2\repository\org\objenesis\objenesis\2.6\objenesis-2.6.jar;D:\Users\Cai_Jianqiu\.m2\repository\org\hamcrest\hamcrest-core\1.3\hamcrest-core-1.3.jar;D:\Users\Cai_Jianqiu\.m2\repository\org\hamcrest\hamcrest-library\1.3\hamcrest-library-1.3.jar;D:\Users\Cai_Jianqiu\.m2\repository\org\skyscreamer\jsonassert\1.5.0\jsonassert-1.5.0.jar;D:\Users\Cai_Jianqiu\.m2\repository\com\vaadin\external\google\android-json\0.0.20131108.vaadin1\android-json-0.0.20131108.vaadin1.jar;D:\Users\Cai_Jianqiu\.m2\repository\org\springframework\spring-core\5.0.12.RELEASE\spring-core-5.0.12.RELEASE.jar;D:\Users\Cai_Jianqiu\.m2\repository\org\springframework\spring-jcl\5.0.12.RELEASE\spring-jcl-5.0.12.RELEASE.jar;D:\Users\Cai_Jianqiu\.m2\repository\org\springframework\spring-test\5.0.12.RELEASE\spring-test-5.0.12.RELEASE.jar;D:\Users\Cai_Jianqiu\.m2\repository\org\xmlunit\xmlunit-core\2.5.1\xmlunit-core-2.5.1.jar;D:\Users\Cai_Jianqiu\.m2\repository\org\springframework\boot\spring-boot-devtools\2.0.8.RELEASE\spring-boot-devtools-2.0.8.RELEASE.jar;D:\Users\Cai_Jianqiu\.m2\repository\org\springframework\boot\spring-boot\2.0.8.RELEASE\spring-boot-2.0.8.RELEASE.jar;D:\Users\Cai_Jianqiu\.m2\repository\org\springframework\boot\spring-boot-autoconfigure\2.0.8.RELEASE\spring-boot-autoconfigure-2.0.8.RELEASE.jar;, java.specification.name=Java Platform API Specification, java.class.version=52.0, sun.management.compiler=HotSpot 64-Bit Tiered Compilers, os.version=10.0, user.home=C:\Users\Cai_Jianqiu, user.timezone=Asia/Shanghai, java.awt.printerjob=sun.awt.windows.WPrinterJob, file.encoding=GBK, java.specification.version=1.8, java.class.path=D:\Users\Cai_Jianqiu\Documents\Intellij_Projects\springboot-blog\target\test-classes;D:\Users\Cai_Jianqiu\Documents\Intellij_Projects\springboot-blog\target\classes;D:\Users\Cai_Jianqiu\.m2\repository\org\springframework\boot\spring-boot-starter-data-jpa\2.0.8.RELEASE\spring-boot-starter-data-jpa-2.0.8.RELEASE.jar;D:\Users\Cai_Jianqiu\.m2\repository\org\springframework\boot\spring-boot-starter\2.0.8.RELEASE\spring-boot-starter-2.0.8.RELEASE.jar;D:\Users\Cai_Jianqiu\.m2\repository\org\springframework\boot\spring-boot-starter-logging\2.0.8.RELEASE\spring-boot-starter-logging-2.0.8.RELEASE.jar;D:\Users\Cai_Jianqiu\.m2\repository\ch\qos\logback\logback-classic\1.2.3\logback-classic-1.2.3.jar;D:\Users\Cai_Jianqiu\.m2\repository\ch\qos\logback\logback-core\1.2.3\logback-core-1.2.3.jar;D:\Users\Cai_Jianqiu\.m2\repository\org\apache\logging\log4j\log4j-to-slf4j\2.10.0\log4j-to-slf4j-2.10.0.jar;D:\Users\Cai_Jianqiu\.m2\repository\org\apache\logging\log4j\log4j-api\2.10.0\log4j-api-2.10.0.jar;D:\Users\Cai_Jianqiu\.m2\repository\org\slf4j\jul-to-slf4j\1.7.25\jul-to-slf4j-1.7.25.jar;D:\Users\Cai_Jianqiu\.m2\repository\javax\annotation\javax.annotation-api\1.3.2\javax.annotation-api-1.3.2.jar;D:\Users\Cai_Jianqiu\.m2\repository\org\yaml\snakeyaml\1.19\snakeyaml-1.19.jar;D:\Users\Cai_Jianqiu\.m2\repository\org\springframework\boot\spring-boot-starter-aop\2.0.8.RELEASE\spring-boot-starter-aop-2.0.8.RELEASE.jar;D:\Users\Cai_Jianqiu\.m2\repository\org\aspectj\aspectjweaver\1.8.13\aspectjweaver-1.8.13.jar;D:\Users\Cai_Jianqiu\.m2\repository\org\springframework\boot\spring-boot-starter-jdbc\2.0.8.RELEASE\spring-boot-starter-jdbc-2.0.8.RELEASE.jar;D:\Users\Cai_Jianqiu\.m2\repository\com\zaxxer\HikariCP\2.7.9\HikariCP-2.7.9.jar;D:\Users\Cai_Jianqiu\.m2\repository\org\springframework\spring-jdbc\5.0.12.RELEASE\spring-jdbc-5.0.12.RELEASE.jar;D:\Users\Cai_Jianqiu\.m2\repository\javax\transaction\javax.transaction-api\1.2\javax.transaction-api-1.2.jar;D:\Users\Cai_Jianqiu\.m2\repository\org\hibernate\hibernate-core\5.2.17.Final\hibernate-core-5.2.17.Final.jar;D:\Users\Cai_Jianqiu\.m2\repository\org\jboss\logging\jboss-logging\3.3.2.Final\jboss-logging-3.3.2.Final.jar;D:\Users\Cai_Jianqiu\.m2\repository\org\hibernate\javax\persistence\hibernate-jpa-2.1-api\1.0.2.Final\hibernate-jpa-2.1-api-1.0.2.Final.jar;D:\Users\Cai_Jianqiu\.m2\repository\org\javassist\javassist\3.22.0-GA\javassist-3.22.0-GA.jar;D:\Users\Cai_Jianqiu\.m2\repository\antlr\antlr\2.7.7\antlr-2.7.7.jar;D:\Users\Cai_Jianqiu\.m2\repository\org\jboss\jandex\2.0.3.Final\jandex-2.0.3.Final.jar;D:\Users\Cai_Jianqiu\.m2\repository\com\fasterxml\classmate\1.3.4\classmate-1.3.4.jar;D:\Users\Cai_Jianqiu\.m2\repository\dom4j\dom4j\1.6.1\dom4j-1.6.1.jar;D:\Users\Cai_Jianqiu\.m2\repository\org\hibernate\common\hibernate-commons-annotations\5.0.1.Final\hibernate-commons-annotations-5.0.1.Final.jar;D:\Users\Cai_Jianqiu\.m2\repository\org\springframework\data\spring-data-jpa\2.0.13.RELEASE\spring-data-jpa-2.0.13.RELEASE.jar;D:\Users\Cai_Jianqiu\.m2\repository\org\springframework\data\spring-data-commons\2.0.13.RELEASE\spring-data-commons-2.0.13.RELEASE.jar;D:\Users\Cai_Jianqiu\.m2\repository\org\springframework\spring-orm\5.0.12.RELEASE\spring-orm-5.0.12.RELEASE.jar;D:\Users\Cai_Jianqiu\.m2\repository\org\springframework\spring-context\5.0.12.RELEASE\spring-context-5.0.12.RELEASE.jar;D:\Users\Cai_Jianqiu\.m2\repository\org\springframework\spring-tx\5.0.12.RELEASE\spring-tx-5.0.12.RELEASE.jar;D:\Users\Cai_Jianqiu\.m2\repository\org\springframework\spring-beans\5.0.12.RELEASE\spring-beans-5.0.12.RELEASE.jar;D:\Users\Cai_Jianqiu\.m2\repository\org\springframework\spring-aspects\5.0.12.RELEASE\spring-aspects-5.0.12.RELEASE.jar;D:\Users\Cai_Jianqiu\.m2\repository\org\springframework\boot\spring-boot-starter-thymeleaf\2.0.8.RELEASE\spring-boot-starter-thymeleaf-2.0.8.RELEASE.jar;D:\Users\Cai_Jianqiu\.m2\repository\org\thymeleaf\thymeleaf-spring5\3.0.11.RELEASE\thymeleaf-spring5-3.0.11.RELEASE.jar;D:\Users\Cai_Jianqiu\.m2\repository\org\thymeleaf\thymeleaf\3.0.11.RELEASE\thymeleaf-3.0.11.RELEASE.jar;D:\Users\Cai_Jianqiu\.m2\repository\org\attoparser\attoparser\2.0.5.RELEASE\attoparser-2.0.5.RELEASE.jar;D:\Users\Cai_Jianqiu\.m2\repository\org\unbescape\unbescape\1.1.6.RELEASE\unbescape-1.1.6.RELEASE.jar;D:\Users\Cai_Jianqiu\.m2\repository\org\thymeleaf\extras\thymeleaf-extras-java8time\3.0.2.RELEASE\thymeleaf-extras-java8time-3.0.2.RELEASE.jar;D:\Users\Cai_Jianqiu\.m2\repository\org\springframework\boot\spring-boot-starter-web\2.0.8.RELEASE\spring-boot-starter-web-2.0.8.RELEASE.jar;D:\Users\Cai_Jianqiu\.m2\repository\org\springframework\boot\spring-boot-starter-json\2.0.8.RELEASE\spring-boot-starter-json-2.0.8.RELEASE.jar;D:\Users\Cai_Jianqiu\.m2\repository\com\fasterxml\jackson\core\jackson-databind\2.9.8\jackson-databind-2.9.8.jar;D:\Users\Cai_Jianqiu\.m2\repository\com\fasterxml\jackson\core\jackson-annotations\2.9.0\jackson-annotations-2.9.0.jar;D:\Users\Cai_Jianqiu\.m2\repository\com\fasterxml\jackson\core\jackson-core\2.9.8\jackson-core-2.9.8.jar;D:\Users\Cai_Jianqiu\.m2\repository\com\fasterxml\jackson\datatype\jackson-datatype-jdk8\2.9.8\jackson-datatype-jdk8-2.9.8.jar;D:\Users\Cai_Jianqiu\.m2\repository\com\fasterxml\jackson\datatype\jackson-datatype-jsr310\2.9.8\jackson-datatype-jsr310-2.9.8.jar;D:\Users\Cai_Jianqiu\.m2\repository\com\fasterxml\jackson\module\jackson-module-parameter-names\2.9.8\jackson-module-parameter-names-2.9.8.jar;D:\Users\Cai_Jianqiu\.m2\repository\org\springframework\boot\spring-boot-starter-tomcat\2.0.8.RELEASE\spring-boot-starter-tomcat-2.0.8.RELEASE.jar;D:\Users\Cai_Jianqiu\.m2\repository\org\apache\tomcat\embed\tomcat-embed-core\8.5.37\tomcat-embed-core-8.5.37.jar;D:\Users\Cai_Jianqiu\.m2\repository\org\apache\tomcat\embed\tomcat-embed-el\8.5.37\tomcat-embed-el-8.5.37.jar;D:\Users\Cai_Jianqiu\.m2\repository\org\apache\tomcat\embed\tomcat-embed-websocket\8.5.37\tomcat-embed-websocket-8.5.37.jar;D:\Users\Cai_Jianqiu\.m2\repository\org\hibernate\validator\hibernate-validator\6.0.14.Final\hibernate-validator-6.0.14.Final.jar;D:\Users\Cai_Jianqiu\.m2\repository\javax\validation\validation-api\2.0.1.Final\validation-api-2.0.1.Final.jar;D:\Users\Cai_Jianqiu\.m2\repository\org\springframework\spring-web\5.0.12.RELEASE\spring-web-5.0.12.RELEASE.jar;D:\Users\Cai_Jianqiu\.m2\repository\org\springframework\spring-webmvc\5.0.12.RELEASE\spring-webmvc-5.0.12.RELEASE.jar;D:\Users\Cai_Jianqiu\.m2\repository\org\springframework\spring-expression\5.0.12.RELEASE\spring-expression-5.0.12.RELEASE.jar;D:\Users\Cai_Jianqiu\.m2\repository\mysql\mysql-connector-java\5.1.47\mysql-connector-java-5.1.47.jar;D:\Users\Cai_Jianqiu\.m2\repository\org\projectlombok\lombok\1.16.22\lombok-1.16.22.jar;D:\Users\Cai_Jianqiu\.m2\repository\org\apache\commons\commons-lang3\3.7\commons-lang3-3.7.jar;D:\Users\Cai_Jianqiu\.m2\repository\org\springframework\boot\spring-boot-starter-security\2.0.8.RELEASE\spring-boot-starter-security-2.0.8.RELEASE.jar;D:\Users\Cai_Jianqiu\.m2\repository\org\springframework\spring-aop\5.0.12.RELEASE\spring-aop-5.0.12.RELEASE.jar;D:\Users\Cai_Jianqiu\.m2\repository\org\springframework\security\spring-security-config\5.0.11.RELEASE\spring-security-config-5.0.11.RELEASE.jar;D:\Users\Cai_Jianqiu\.m2\repository\org\springframework\security\spring-security-core\5.0.11.RELEASE\spring-security-core-5.0.11.RELEASE.jar;D:\Users\Cai_Jianqiu\.m2\repository\org\springframework\security\spring-security-web\5.0.11.RELEASE\spring-security-web-5.0.11.RELEASE.jar;D:\Users\Cai_Jianqiu\.m2\repository\org\thymeleaf\extras\thymeleaf-extras-springsecurity4\3.0.4.RELEASE\thymeleaf-extras-springsecurity4-3.0.4.RELEASE.jar;D:\Users\Cai_Jianqiu\.m2\repository\org\slf4j\slf4j-api\1.7.25\slf4j-api-1.7.25.jar;D:\Users\Cai_Jianqiu\.m2\repository\org\springframework\boot\spring-boot-starter-test\2.0.8.RELEASE\spring-boot-starter-test-2.0.8.RELEASE.jar;D:\Users\Cai_Jianqiu\.m2\repository\org\springframework\boot\spring-boot-test\2.0.8.RELEASE\spring-boot-test-2.0.8.RELEASE.jar;D:\Users\Cai_Jianqiu\.m2\repository\org\springframework\boot\spring-boot-test-autoconfigure\2.0.8.RELEASE\spring-boot-test-autoconfigure-2.0.8.RELEASE.jar;D:\Users\Cai_Jianqiu\.m2\repository\com\jayway\jsonpath\json-path\2.4.0\json-path-2.4.0.jar;D:\Users\Cai_Jianqiu\.m2\repository\net\minidev\json-smart\2.3\json-smart-2.3.jar;D:\Users\Cai_Jianqiu\.m2\repository\net\minidev\accessors-smart\1.2\accessors-smart-1.2.jar;D:\Users\Cai_Jianqiu\.m2\repository\org\ow2\asm\asm\5.0.4\asm-5.0.4.jar;D:\Users\Cai_Jianqiu\.m2\repository\junit\junit\4.12\junit-4.12.jar;D:\Users\Cai_Jianqiu\.m2\repository\org\assertj\assertj-core\3.9.1\assertj-core-3.9.1.jar;D:\Users\Cai_Jianqiu\.m2\repository\org\mockito\mockito-core\2.15.0\mockito-core-2.15.0.jar;D:\Users\Cai_Jianqiu\.m2\repository\net\bytebuddy\byte-buddy\1.7.11\byte-buddy-1.7.11.jar;D:\Users\Cai_Jianqiu\.m2\repository\net\bytebuddy\byte-buddy-agent\1.7.11\byte-buddy-agent-1.7.11.jar;D:\Users\Cai_Jianqiu\.m2\repository\org\objenesis\objenesis\2.6\objenesis-2.6.jar;D:\Users\Cai_Jianqiu\.m2\repository\org\hamcrest\hamcrest-core\1.3\hamcrest-core-1.3.jar;D:\Users\Cai_Jianqiu\.m2\repository\org\hamcrest\hamcrest-library\1.3\hamcrest-library-1.3.jar;D:\Users\Cai_Jianqiu\.m2\repository\org\skyscreamer\jsonassert\1.5.0\jsonassert-1.5.0.jar;D:\Users\Cai_Jianqiu\.m2\repository\com\vaadin\external\google\android-json\0.0.20131108.vaadin1\android-json-0.0.20131108.vaadin1.jar;D:\Users\Cai_Jianqiu\.m2\repository\org\springframework\spring-core\5.0.12.RELEASE\spring-core-5.0.12.RELEASE.jar;D:\Users\Cai_Jianqiu\.m2\repository\org\springframework\spring-jcl\5.0.12.RELEASE\spring-jcl-5.0.12.RELEASE.jar;D:\Users\Cai_Jianqiu\.m2\repository\org\springframework\spring-test\5.0.12.RELEASE\spring-test-5.0.12.RELEASE.jar;D:\Users\Cai_Jianqiu\.m2\repository\org\xmlunit\xmlunit-core\2.5.1\xmlunit-core-2.5.1.jar;D:\Users\Cai_Jianqiu\.m2\repository\org\springframework\boot\spring-boot-devtools\2.0.8.RELEASE\spring-boot-devtools-2.0.8.RELEASE.jar;D:\Users\Cai_Jianqiu\.m2\repository\org\springframework\boot\spring-boot\2.0.8.RELEASE\spring-boot-2.0.8.RELEASE.jar;D:\Users\Cai_Jianqiu\.m2\repository\org\springframework\boot\spring-boot-autoconfigure\2.0.8.RELEASE\spring-boot-autoconfigure-2.0.8.RELEASE.jar;, user.name=Cai_Jianqiu, java.vm.specification.version=1.8, sun.java.command=C:\Users\CAI_JI~1\AppData\Local\Temp\surefire2579635627966068474\surefirebooter8836778453098784807.jar C:\Users\Cai_Jianqiu\AppData\Local\Temp\surefire2579635627966068474 2019-05-22T22-56-59_926-jvmRun1 surefire2845780889670400767tmp surefire_06176757142959212548tmp, java.home=F:\Program Files\Java\jdk1.8.0_201\jre, sun.arch.data.model=64, user.language=zh, java.specification.vendor=Oracle Corporation, awt.toolkit=sun.awt.windows.WToolkit, idea.version2019.1.2=true, java.vm.info=mixed mode, java.version=1.8.0_201, java.ext.dirs=F:\Program Files\Java\jdk1.8.0_201\jre\lib\ext;C:\WINDOWS\Sun\Java\lib\ext, sun.boot.class.path=F:\Program Files\Java\jdk1.8.0_201\jre\lib\resources.jar;F:\Program Files\Java\jdk1.8.0_201\jre\lib\rt.jar;F:\Program Files\Java\jdk1.8.0_201\jre\lib\sunrsasign.jar;F:\Program Files\Java\jdk1.8.0_201\jre\lib\jsse.jar;F:\Program Files\Java\jdk1.8.0_201\jre\lib\jce.jar;F:\Program Files\Java\jdk1.8.0_201\jre\lib\charsets.jar;F:\Program Files\Java\jdk1.8.0_201\jre\lib\jfr.jar;F:\Program Files\Java\jdk1.8.0_201\jre\classes, java.vendor=Oracle Corporation, localRepository=D:\Users\Cai_Jianqiu\.m2\repository, file.separator=\, java.vendor.url.bug=http://bugreport.sun.com/bugreport/, sun.io.unicode.encoding=UnicodeLittle, sun.cpu.endian=little, sun.desktop=windows, sun.cpu.isalist=amd64}}, SystemEnvironmentPropertySource@326298949 {name='systemEnvironment', properties={PATH=F:\ProgramData\Anaconda3;F:\ProgramData\Anaconda3\Library\mingw-w64\bin;F:\ProgramData\Anaconda3\Library\usr\bin;F:\ProgramData\Anaconda3\Library\bin;F:\ProgramData\Anaconda3\Scripts;F:\Program Files (x86)\NetSarang\Xshell 6\;F:\Program Files (x86)\NetSarang\Xftp 6\;C:\Program Files (x86)\Common Files\Oracle\Java\javapath;C:\Program Files (x86)\Intel\Intel(R) Management Engine Components\iCLS\;C:\Program Files\Intel\Intel(R) Management Engine Components\iCLS\;C:\Windows\system32;C:\Windows;C:\Windows\System32\Wbem;C:\Windows\System32\WindowsPowerShell\v1.0\;C:\Program Files (x86)\Intel\Intel(R) Management Engine Components\DAL;C:\Program Files\Intel\Intel(R) Management Engine Components\DAL;C:\Program Files (x86)\Intel\Intel(R) Management Engine Components\IPT;C:\Program Files\Intel\Intel(R) Management Engine Components\IPT;C:\Program Files (x86)\NVIDIA Corporation\PhysX\Common;C:\WINDOWS\system32;C:\WINDOWS;C:\WINDOWS\System32\Wbem;C:\WINDOWS\System32\WindowsPowerShell\v1.0\;C:\WINDOWS\System32\OpenSSH\;F:\Program Files\MATLAB\R2019a\runtime\win64;F:\Program Files\MATLAB\R2019a\bin;C:\Program Files\NVIDIA Corporation\NVIDIA NvDLISR;C:\WINDOWS\system32;C:\WINDOWS;C:\WINDOWS\System32\Wbem;C:\WINDOWS\System32\WindowsPowerShell\v1.0\;C:\WINDOWS\System32\OpenSSH\;F:\Program Files\nodejs;F:\Program Files\nodejs\npm_modules;C:\Users\Cai_Jianqiu\AppData\Local\Microsoft\WindowsApps;C:\Users\Cai_Jianqiu\AppData\Local\Programs\Microsoft VS Code\bin;F:\Program Files (x86)\Microsoft Visual Studio Code\Microsoft VS Code\bin;C:\Users\Cai_Jianqiu\AppData\Local\Microsoft\WindowsApps;, USERDOMAIN_ROAMINGPROFILE=LENOVOPC, PROCESSOR_LEVEL=6, SYSTEMDRIVE=C:, VS140COMNTOOLS=F:\Program Files (x86)\Microsoft Visual Studio\Common7\Tools\, ANS_OLD_ATTACH=1, SESSIONNAME=Console, ALLUSERSPROFILE=C:\ProgramData, PROCESSOR_ARCHITECTURE=AMD64, DRIVERDATA=C:\Windows\System32\Drivers\DriverData, PROGRAMFILES=C:\Program Files, PSMODULEPATH=C:\Program Files\WindowsPowerShell\Modules;C:\WINDOWS\system32\WindowsPowerShell\v1.0\Modules, PROGRAMDATA=C:\ProgramData, USERNAME=Cai_Jianqiu, ONEDRIVE=C:\Users\Cai_Jianqiu\OneDrive, CONFIGSETROOT=C:\WINDOWS\ConfigSetRoot, PATHEXT=.COM;.EXE;.BAT;.CMD;.VBS;.VBE;.JS;.JSE;.WSF;.WSH;.MSC, ONEDRIVECONSUMER=C:\Users\Cai_Jianqiu\OneDrive, LSTC_LICENSE=ANSYS, WINDIR=C:\WINDOWS, HOMEPATH=\Users\Cai_Jianqiu, PROCESSOR_IDENTIFIER=Intel64 Family 6 Model 158 Stepping 10, GenuineIntel, PUBLIC=C:\Users\Public, =::=::\, LOCALAPPDATA=C:\Users\Cai_Jianqiu\AppData\Local, COMMONPROGRAMFILES(X86)=C:\Program Files (x86)\Common Files, USERDOMAIN=LENOVOPC, LOGONSERVER=\\LENOVOPC, PROMPT=$P$G, PROGRAMFILES(X86)=C:\Program Files (x86), QTMSBUILD=C:\Users\Cai_Jianqiu\AppData\Local\QtMsBuild, APPDATA=C:\Users\Cai_Jianqiu\AppData\Roaming, PROGRAMW6432=C:\Program Files, SYSTEMROOT=C:\WINDOWS, VS150PROCOMNTOOLS=F:\Program Files (x86)\Microsoft Visual Studio\2017\Professional\Common7\Tools\, ANSYS_SYSDIR=winx64, ANSYS_SYSDIR32=win32, OS=Windows_NT, COMMONPROGRAMW6432=C:\Program Files\Common Files, COMPUTERNAME=LENOVOPC, COMMONPROGRAMFILES=C:\Program Files\Common Files, COMSPEC=C:\WINDOWS\system32\cmd.exe, PROCESSOR_REVISION=9e0a, PYCHARM=F:\Program Files\JetBrains\PyCharm 2018.3\bin;, =D:=D:\Users\Cai_Jianqiu\Documents\Intellij_Projects\springboot-blog, TEMP=C:\Users\CAI_JI~1\AppData\Local\Temp, HOMEDRIVE=C:, USERPROFILE=C:\Users\Cai_Jianqiu, TMP=C:\Users\CAI_JI~1\AppData\Local\Temp, NUMBER_OF_PROCESSORS=12}}]
22:57:03.283 [main] DEBUG org.springframework.core.io.support.PathMatchingResourcePatternResolver - Resolved classpath location [com/cjq/springbootblog/] to resources [URL [file:/D:/Users/Cai_Jianqiu/Documents/Intellij_Projects/springboot-blog/target/test-classes/com/cjq/springbootblog/], URL [file:/D:/Users/Cai_Jianqiu/Documents/Intellij_Projects/springboot-blog/target/classes/com/cjq/springbootblog/]]
22:57:03.284 [main] DEBUG org.springframework.core.io.support.PathMatchingResourcePatternResolver - Looking for matching resources in directory tree [D:\Users\Cai_Jianqiu\Documents\Intellij_Projects\springboot-blog\target\test-classes\com\cjq\springbootblog]
22:57:03.284 [main] DEBUG org.springframework.core.io.support.PathMatchingResourcePatternResolver - Searching directory [D:\Users\Cai_Jianqiu\Documents\Intellij_Projects\springboot-blog\target\test-classes\com\cjq\springbootblog] for files matching pattern [D:/Users/Cai_Jianqiu/Documents/Intellij_Projects/springboot-blog/target/test-classes/com/cjq/springbootblog/*.class]
22:57:03.286 [main] DEBUG org.springframework.core.io.support.PathMatchingResourcePatternResolver - Looking for matching resources in directory tree [D:\Users\Cai_Jianqiu\Documents\Intellij_Projects\springboot-blog\target\classes\com\cjq\springbootblog]
22:57:03.287 [main] DEBUG org.springframework.core.io.support.PathMatchingResourcePatternResolver - Searching directory [D:\Users\Cai_Jianqiu\Documents\Intellij_Projects\springboot-blog\target\classes\com\cjq\springbootblog] for files matching pattern [D:/Users/Cai_Jianqiu/Documents/Intellij_Projects/springboot-blog/target/classes/com/cjq/springbootblog/*.class]
22:57:03.288 [main] DEBUG org.springframework.core.io.support.PathMatchingResourcePatternResolver - Resolved location pattern [classpath*:com/cjq/springbootblog/*.class] to resources [file [D:\Users\Cai_Jianqiu\Documents\Intellij_Projects\springboot-blog\target\test-classes\com\cjq\springbootblog\SpringbootBlogApplicationTests.class], file [D:\Users\Cai_Jianqiu\Documents\Intellij_Projects\springboot-blog\target\classes\com\cjq\springbootblog\SpringbootBlogApplication.class]]
22:57:03.326 [main] DEBUG org.springframework.context.annotation.ClassPathScanningCandidateComponentProvider - Identified candidate component class: file [D:\Users\Cai_Jianqiu\Documents\Intellij_Projects\springboot-blog\target\classes\com\cjq\springbootblog\SpringbootBlogApplication.class]
22:57:03.328 [main] INFO org.springframework.boot.test.context.SpringBootTestContextBootstrapper - Found @SpringBootConfiguration com.cjq.springbootblog.SpringbootBlogApplication for test class com.cjq.springbootblog.SpringbootBlogApplicationTests
22:57:03.415 [main] DEBUG org.springframework.boot.test.context.SpringBootTestContextBootstrapper - @TestExecutionListeners is not present for class [com.cjq.springbootblog.SpringbootBlogApplicationTests]: using defaults.
22:57:03.415 [main] INFO org.springframework.boot.test.context.SpringBootTestContextBootstrapper - Loaded default TestExecutionListener class names from location [META-INF/spring.factories]: [org.springframework.boot.test.mock.mockito.MockitoTestExecutionListener, org.springframework.boot.test.mock.mockito.ResetMocksTestExecutionListener, org.springframework.boot.test.autoconfigure.restdocs.RestDocsTestExecutionListener, org.springframework.boot.test.autoconfigure.web.client.MockRestServiceServerResetTestExecutionListener, org.springframework.boot.test.autoconfigure.web.servlet.MockMvcPrintOnlyOnFailureTestExecutionListener, org.springframework.boot.test.autoconfigure.web.servlet.WebDriverTestExecutionListener, org.springframework.test.context.web.ServletTestExecutionListener, org.springframework.test.context.support.DirtiesContextBeforeModesTestExecutionListener, org.springframework.test.context.support.DependencyInjectionTestExecutionListener, org.springframework.test.context.support.DirtiesContextTestExecutionListener, org.springframework.test.context.transaction.TransactionalTestExecutionListener, org.springframework.test.context.jdbc.SqlScriptsTestExecutionListener]
22:57:03.429 [main] INFO org.springframework.boot.test.context.SpringBootTestContextBootstrapper - Using TestExecutionListeners: [org.springframework.test.context.web.ServletTestExecutionListener@367ffa75, org.springframework.test.context.support.DirtiesContextBeforeModesTestExecutionListener@49438269, org.springframework.boot.test.mock.mockito.MockitoTestExecutionListener@ba2f4ec, org.springframework.boot.test.autoconfigure.SpringBootDependencyInjectionTestExecutionListener@1c1bbc4e, org.springframework.test.context.support.DirtiesContextTestExecutionListener@55fe41ea, org.springframework.test.context.transaction.TransactionalTestExecutionListener@fbd1f6, org.springframework.test.context.jdbc.SqlScriptsTestExecutionListener@1ce24091, org.springframework.boot.test.mock.mockito.ResetMocksTestExecutionListener@5dda768f, org.springframework.boot.test.autoconfigure.restdocs.RestDocsTestExecutionListener@7a8c8dcf, org.springframework.boot.test.autoconfigure.web.client.MockRestServiceServerResetTestExecutionListener@24269709, org.springframework.boot.test.autoconfigure.web.servlet.MockMvcPrintOnlyOnFailureTestExecutionListener@2aceadd4, org.springframework.boot.test.autoconfigure.web.servlet.WebDriverTestExecutionListener@24aed80c]
22:57:03.430 [main] DEBUG org.springframework.test.annotation.ProfileValueUtils - Retrieved @ProfileValueSourceConfiguration [null] for test class [com.cjq.springbootblog.SpringbootBlogApplicationTests]
22:57:03.430 [main] DEBUG org.springframework.test.annotation.ProfileValueUtils - Retrieved ProfileValueSource type [class org.springframework.test.annotation.SystemProfileValueSource] for class [com.cjq.springbootblog.SpringbootBlogApplicationTests]
22:57:03.431 [main] DEBUG org.springframework.test.annotation.ProfileValueUtils - Retrieved @ProfileValueSourceConfiguration [null] for test class [com.cjq.springbootblog.SpringbootBlogApplicationTests]
22:57:03.431 [main] DEBUG org.springframework.test.annotation.ProfileValueUtils - Retrieved ProfileValueSource type [class org.springframework.test.annotation.SystemProfileValueSource] for class [com.cjq.springbootblog.SpringbootBlogApplicationTests]
22:57:03.432 [main] DEBUG org.springframework.test.annotation.ProfileValueUtils - Retrieved @ProfileValueSourceConfiguration [null] for test class [com.cjq.springbootblog.SpringbootBlogApplicationTests]
22:57:03.432 [main] DEBUG org.springframework.test.annotation.ProfileValueUtils - Retrieved ProfileValueSource type [class org.springframework.test.annotation.SystemProfileValueSource] for class [com.cjq.springbootblog.SpringbootBlogApplicationTests]
22:57:03.435 [main] DEBUG org.springframework.test.context.support.AbstractDirtiesContextTestExecutionListener - Before test class: context [DefaultTestContext@37ceb1df testClass = SpringbootBlogApplicationTests, testInstance = [null], testMethod = [null], testException = [null], mergedContextConfiguration = [WebMergedContextConfiguration@7c9d8e2 testClass = SpringbootBlogApplicationTests, locations = '{}', classes = '{class com.cjq.springbootblog.SpringbootBlogApplication}', contextInitializerClasses = '[]', activeProfiles = '{}', propertySourceLocations = '{}', propertySourceProperties = '{org.springframework.boot.test.context.SpringBootTestContextBootstrapper=true}', contextCustomizers = set[org.springframework.boot.test.context.filter.ExcludeFilterContextCustomizer@587c290d, org.springframework.boot.test.json.DuplicateJsonObjectContextCustomizerFactory$DuplicateJsonObjectContextCustomizer@543788f3, org.springframework.boot.test.mock.mockito.MockitoContextCustomizer@0, org.springframework.boot.test.web.client.TestRestTemplateContextCustomizer@17baae6e, org.springframework.boot.test.autoconfigure.properties.PropertyMappingContextCustomizer@0, org.springframework.boot.test.autoconfigure.web.servlet.WebDriverContextCustomizerFactory$Customizer@2df32bf7], resourceBasePath = 'src/main/webapp', contextLoader = 'org.springframework.boot.test.context.SpringBootContextLoader', parent = [null]], attributes = map['org.springframework.test.context.web.ServletTestExecutionListener.activateListener' -> true]], class annotated with @DirtiesContext [false] with mode [null].
22:57:03.435 [main] DEBUG org.springframework.test.annotation.ProfileValueUtils - Retrieved @ProfileValueSourceConfiguration [null] for test class [com.cjq.springbootblog.SpringbootBlogApplicationTests]
22:57:03.435 [main] DEBUG org.springframework.test.annotation.ProfileValueUtils - Retrieved ProfileValueSource type [class org.springframework.test.annotation.SystemProfileValueSource] for class [com.cjq.springbootblog.SpringbootBlogApplicationTests]
22:57:03.458 [main] DEBUG org.springframework.core.env.StandardEnvironment - Adding PropertySource 'systemProperties' with lowest search precedence
22:57:03.458 [main] DEBUG org.springframework.core.env.StandardEnvironment - Adding PropertySource 'systemEnvironment' with lowest search precedence
22:57:03.459 [main] DEBUG org.springframework.core.env.StandardEnvironment - Initialized StandardEnvironment with PropertySources [MapPropertySource@565372776 {name='systemProperties', properties={java.runtime.name=Java(TM) SE Runtime Environment, sun.boot.library.path=F:\Program Files\Java\jdk1.8.0_201\jre\bin, java.vm.version=25.201-b09, java.vm.vendor=Oracle Corporation, java.vendor.url=http://java.oracle.com/, path.separator=;, java.vm.name=Java HotSpot(TM) 64-Bit Server VM, file.encoding.pkg=sun.io, user.country=CN, user.script=, sun.java.launcher=SUN_STANDARD, sun.os.patch.level=, java.vm.specification.name=Java Virtual Machine Specification, user.dir=D:\Users\Cai_Jianqiu\Documents\Intellij_Projects\springboot-blog, java.runtime.version=1.8.0_201-b09, basedir=D:\Users\Cai_Jianqiu\Documents\Intellij_Projects\springboot-blog, java.awt.graphicsenv=sun.awt.Win32GraphicsEnvironment, java.endorsed.dirs=F:\Program Files\Java\jdk1.8.0_201\jre\lib\endorsed, os.arch=amd64, surefire.real.class.path=C:\Users\CAI_JI~1\AppData\Local\Temp\surefire2579635627966068474\surefirebooter8836778453098784807.jar, java.io.tmpdir=C:\Users\CAI_JI~1\AppData\Local\Temp\, line.separator=
, java.vm.specification.vendor=Oracle Corporation, user.variant=, os.name=Windows 10, sun.jnu.encoding=GBK, java.library.path=F:\Program Files\Java\jdk1.8.0_201\jre\bin;C:\WINDOWS\Sun\Java\bin;C:\WINDOWS\system32;C:\WINDOWS;F:\ProgramData\Anaconda3;F:\ProgramData\Anaconda3\Library\mingw-w64\bin;F:\ProgramData\Anaconda3\Library\usr\bin;F:\ProgramData\Anaconda3\Library\bin;F:\ProgramData\Anaconda3\Scripts;F:\Program Files (x86)\NetSarang\Xshell 6\;F:\Program Files (x86)\NetSarang\Xftp 6\;C:\Program Files (x86)\Common Files\Oracle\Java\javapath;C:\Program Files (x86)\Intel\Intel(R) Management Engine Components\iCLS\;C:\Program Files\Intel\Intel(R) Management Engine Components\iCLS\;C:\Windows\system32;C:\Windows;C:\Windows\System32\Wbem;C:\Windows\System32\WindowsPowerShell\v1.0\;C:\Program Files (x86)\Intel\Intel(R) Management Engine Components\DAL;C:\Program Files\Intel\Intel(R) Management Engine Components\DAL;C:\Program Files (x86)\Intel\Intel(R) Management Engine Components\IPT;C:\Program Files\Intel\Intel(R) Management Engine Components\IPT;C:\Program Files (x86)\NVIDIA Corporation\PhysX\Common;C:\WINDOWS\system32;C:\WINDOWS;C:\WINDOWS\System32\Wbem;C:\WINDOWS\System32\WindowsPowerShell\v1.0\;C:\WINDOWS\System32\OpenSSH\;F:\Program Files\MATLAB\R2019a\runtime\win64;F:\Program Files\MATLAB\R2019a\bin;C:\Program Files\NVIDIA Corporation\NVIDIA NvDLISR;C:\WINDOWS\system32;C:\WINDOWS;C:\WINDOWS\System32\Wbem;C:\WINDOWS\System32\WindowsPowerShell\v1.0\;C:\WINDOWS\System32\OpenSSH\;F:\Program Files\nodejs;F:\Program Files\nodejs\npm_modules;C:\Users\Cai_Jianqiu\AppData\Local\Microsoft\WindowsApps;C:\Users\Cai_Jianqiu\AppData\Local\Programs\Microsoft VS Code\bin;F:\Program Files (x86)\Microsoft Visual Studio Code\Microsoft VS Code\bin;C:\Users\Cai_Jianqiu\AppData\Local\Microsoft\WindowsApps;;., surefire.test.class.path=D:\Users\Cai_Jianqiu\Documents\Intellij_Projects\springboot-blog\target\test-classes;D:\Users\Cai_Jianqiu\Documents\Intellij_Projects\springboot-blog\target\classes;D:\Users\Cai_Jianqiu\.m2\repository\org\springframework\boot\spring-boot-starter-data-jpa\2.0.8.RELEASE\spring-boot-starter-data-jpa-2.0.8.RELEASE.jar;D:\Users\Cai_Jianqiu\.m2\repository\org\springframework\boot\spring-boot-starter\2.0.8.RELEASE\spring-boot-starter-2.0.8.RELEASE.jar;D:\Users\Cai_Jianqiu\.m2\repository\org\springframework\boot\spring-boot-starter-logging\2.0.8.RELEASE\spring-boot-starter-logging-2.0.8.RELEASE.jar;D:\Users\Cai_Jianqiu\.m2\repository\ch\qos\logback\logback-classic\1.2.3\logback-classic-1.2.3.jar;D:\Users\Cai_Jianqiu\.m2\repository\ch\qos\logback\logback-core\1.2.3\logback-core-1.2.3.jar;D:\Users\Cai_Jianqiu\.m2\repository\org\apache\logging\log4j\log4j-to-slf4j\2.10.0\log4j-to-slf4j-2.10.0.jar;D:\Users\Cai_Jianqiu\.m2\repository\org\apache\logging\log4j\log4j-api\2.10.0\log4j-api-2.10.0.jar;D:\Users\Cai_Jianqiu\.m2\repository\org\slf4j\jul-to-slf4j\1.7.25\jul-to-slf4j-1.7.25.jar;D:\Users\Cai_Jianqiu\.m2\repository\javax\annotation\javax.annotation-api\1.3.2\javax.annotation-api-1.3.2.jar;D:\Users\Cai_Jianqiu\.m2\repository\org\yaml\snakeyaml\1.19\snakeyaml-1.19.jar;D:\Users\Cai_Jianqiu\.m2\repository\org\springframework\boot\spring-boot-starter-aop\2.0.8.RELEASE\spring-boot-starter-aop-2.0.8.RELEASE.jar;D:\Users\Cai_Jianqiu\.m2\repository\org\aspectj\aspectjweaver\1.8.13\aspectjweaver-1.8.13.jar;D:\Users\Cai_Jianqiu\.m2\repository\org\springframework\boot\spring-boot-starter-jdbc\2.0.8.RELEASE\spring-boot-starter-jdbc-2.0.8.RELEASE.jar;D:\Users\Cai_Jianqiu\.m2\repository\com\zaxxer\HikariCP\2.7.9\HikariCP-2.7.9.jar;D:\Users\Cai_Jianqiu\.m2\repository\org\springframework\spring-jdbc\5.0.12.RELEASE\spring-jdbc-5.0.12.RELEASE.jar;D:\Users\Cai_Jianqiu\.m2\repository\javax\transaction\javax.transaction-api\1.2\javax.transaction-api-1.2.jar;D:\Users\Cai_Jianqiu\.m2\repository\org\hibernate\hibernate-core\5.2.17.Final\hibernate-core-5.2.17.Final.jar;D:\Users\Cai_Jianqiu\.m2\repository\org\jboss\logging\jboss-logging\3.3.2.Final\jboss-logging-3.3.2.Final.jar;D:\Users\Cai_Jianqiu\.m2\repository\org\hibernate\javax\persistence\hibernate-jpa-2.1-api\1.0.2.Final\hibernate-jpa-2.1-api-1.0.2.Final.jar;D:\Users\Cai_Jianqiu\.m2\repository\org\javassist\javassist\3.22.0-GA\javassist-3.22.0-GA.jar;D:\Users\Cai_Jianqiu\.m2\repository\antlr\antlr\2.7.7\antlr-2.7.7.jar;D:\Users\Cai_Jianqiu\.m2\repository\org\jboss\jandex\2.0.3.Final\jandex-2.0.3.Final.jar;D:\Users\Cai_Jianqiu\.m2\repository\com\fasterxml\classmate\1.3.4\classmate-1.3.4.jar;D:\Users\Cai_Jianqiu\.m2\repository\dom4j\dom4j\1.6.1\dom4j-1.6.1.jar;D:\Users\Cai_Jianqiu\.m2\repository\org\hibernate\common\hibernate-commons-annotations\5.0.1.Final\hibernate-commons-annotations-5.0.1.Final.jar;D:\Users\Cai_Jianqiu\.m2\repository\org\springframework\data\spring-data-jpa\2.0.13.RELEASE\spring-data-jpa-2.0.13.RELEASE.jar;D:\Users\Cai_Jianqiu\.m2\repository\org\springframework\data\spring-data-commons\2.0.13.RELEASE\spring-data-commons-2.0.13.RELEASE.jar;D:\Users\Cai_Jianqiu\.m2\repository\org\springframework\spring-orm\5.0.12.RELEASE\spring-orm-5.0.12.RELEASE.jar;D:\Users\Cai_Jianqiu\.m2\repository\org\springframework\spring-context\5.0.12.RELEASE\spring-context-5.0.12.RELEASE.jar;D:\Users\Cai_Jianqiu\.m2\repository\org\springframework\spring-tx\5.0.12.RELEASE\spring-tx-5.0.12.RELEASE.jar;D:\Users\Cai_Jianqiu\.m2\repository\org\springframework\spring-beans\5.0.12.RELEASE\spring-beans-5.0.12.RELEASE.jar;D:\Users\Cai_Jianqiu\.m2\repository\org\springframework\spring-aspects\5.0.12.RELEASE\spring-aspects-5.0.12.RELEASE.jar;D:\Users\Cai_Jianqiu\.m2\repository\org\springframework\boot\spring-boot-starter-thymeleaf\2.0.8.RELEASE\spring-boot-starter-thymeleaf-2.0.8.RELEASE.jar;D:\Users\Cai_Jianqiu\.m2\repository\org\thymeleaf\thymeleaf-spring5\3.0.11.RELEASE\thymeleaf-spring5-3.0.11.RELEASE.jar;D:\Users\Cai_Jianqiu\.m2\repository\org\thymeleaf\thymeleaf\3.0.11.RELEASE\thymeleaf-3.0.11.RELEASE.jar;D:\Users\Cai_Jianqiu\.m2\repository\org\attoparser\attoparser\2.0.5.RELEASE\attoparser-2.0.5.RELEASE.jar;D:\Users\Cai_Jianqiu\.m2\repository\org\unbescape\unbescape\1.1.6.RELEASE\unbescape-1.1.6.RELEASE.jar;D:\Users\Cai_Jianqiu\.m2\repository\org\thymeleaf\extras\thymeleaf-extras-java8time\3.0.2.RELEASE\thymeleaf-extras-java8time-3.0.2.RELEASE.jar;D:\Users\Cai_Jianqiu\.m2\repository\org\springframework\boot\spring-boot-starter-web\2.0.8.RELEASE\spring-boot-starter-web-2.0.8.RELEASE.jar;D:\Users\Cai_Jianqiu\.m2\repository\org\springframework\boot\spring-boot-starter-json\2.0.8.RELEASE\spring-boot-starter-json-2.0.8.RELEASE.jar;D:\Users\Cai_Jianqiu\.m2\repository\com\fasterxml\jackson\core\jackson-databind\2.9.8\jackson-databind-2.9.8.jar;D:\Users\Cai_Jianqiu\.m2\repository\com\fasterxml\jackson\core\jackson-annotations\2.9.0\jackson-annotations-2.9.0.jar;D:\Users\Cai_Jianqiu\.m2\repository\com\fasterxml\jackson\core\jackson-core\2.9.8\jackson-core-2.9.8.jar;D:\Users\Cai_Jianqiu\.m2\repository\com\fasterxml\jackson\datatype\jackson-datatype-jdk8\2.9.8\jackson-datatype-jdk8-2.9.8.jar;D:\Users\Cai_Jianqiu\.m2\repository\com\fasterxml\jackson\datatype\jackson-datatype-jsr310\2.9.8\jackson-datatype-jsr310-2.9.8.jar;D:\Users\Cai_Jianqiu\.m2\repository\com\fasterxml\jackson\module\jackson-module-parameter-names\2.9.8\jackson-module-parameter-names-2.9.8.jar;D:\Users\Cai_Jianqiu\.m2\repository\org\springframework\boot\spring-boot-starter-tomcat\2.0.8.RELEASE\spring-boot-starter-tomcat-2.0.8.RELEASE.jar;D:\Users\Cai_Jianqiu\.m2\repository\org\apache\tomcat\embed\tomcat-embed-core\8.5.37\tomcat-embed-core-8.5.37.jar;D:\Users\Cai_Jianqiu\.m2\repository\org\apache\tomcat\embed\tomcat-embed-el\8.5.37\tomcat-embed-el-8.5.37.jar;D:\Users\Cai_Jianqiu\.m2\repository\org\apache\tomcat\embed\tomcat-embed-websocket\8.5.37\tomcat-embed-websocket-8.5.37.jar;D:\Users\Cai_Jianqiu\.m2\repository\org\hibernate\validator\hibernate-validator\6.0.14.Final\hibernate-validator-6.0.14.Final.jar;D:\Users\Cai_Jianqiu\.m2\repository\javax\validation\validation-api\2.0.1.Final\validation-api-2.0.1.Final.jar;D:\Users\Cai_Jianqiu\.m2\repository\org\springframework\spring-web\5.0.12.RELEASE\spring-web-5.0.12.RELEASE.jar;D:\Users\Cai_Jianqiu\.m2\repository\org\springframework\spring-webmvc\5.0.12.RELEASE\spring-webmvc-5.0.12.RELEASE.jar;D:\Users\Cai_Jianqiu\.m2\repository\org\springframework\spring-expression\5.0.12.RELEASE\spring-expression-5.0.12.RELEASE.jar;D:\Users\Cai_Jianqiu\.m2\repository\mysql\mysql-connector-java\5.1.47\mysql-connector-java-5.1.47.jar;D:\Users\Cai_Jianqiu\.m2\repository\org\projectlombok\lombok\1.16.22\lombok-1.16.22.jar;D:\Users\Cai_Jianqiu\.m2\repository\org\apache\commons\commons-lang3\3.7\commons-lang3-3.7.jar;D:\Users\Cai_Jianqiu\.m2\repository\org\springframework\boot\spring-boot-starter-security\2.0.8.RELEASE\spring-boot-starter-security-2.0.8.RELEASE.jar;D:\Users\Cai_Jianqiu\.m2\repository\org\springframework\spring-aop\5.0.12.RELEASE\spring-aop-5.0.12.RELEASE.jar;D:\Users\Cai_Jianqiu\.m2\repository\org\springframework\security\spring-security-config\5.0.11.RELEASE\spring-security-config-5.0.11.RELEASE.jar;D:\Users\Cai_Jianqiu\.m2\repository\org\springframework\security\spring-security-core\5.0.11.RELEASE\spring-security-core-5.0.11.RELEASE.jar;D:\Users\Cai_Jianqiu\.m2\repository\org\springframework\security\spring-security-web\5.0.11.RELEASE\spring-security-web-5.0.11.RELEASE.jar;D:\Users\Cai_Jianqiu\.m2\repository\org\thymeleaf\extras\thymeleaf-extras-springsecurity4\3.0.4.RELEASE\thymeleaf-extras-springsecurity4-3.0.4.RELEASE.jar;D:\Users\Cai_Jianqiu\.m2\repository\org\slf4j\slf4j-api\1.7.25\slf4j-api-1.7.25.jar;D:\Users\Cai_Jianqiu\.m2\repository\org\springframework\boot\spring-boot-starter-test\2.0.8.RELEASE\spring-boot-starter-test-2.0.8.RELEASE.jar;D:\Users\Cai_Jianqiu\.m2\repository\org\springframework\boot\spring-boot-test\2.0.8.RELEASE\spring-boot-test-2.0.8.RELEASE.jar;D:\Users\Cai_Jianqiu\.m2\repository\org\springframework\boot\spring-boot-test-autoconfigure\2.0.8.RELEASE\spring-boot-test-autoconfigure-2.0.8.RELEASE.jar;D:\Users\Cai_Jianqiu\.m2\repository\com\jayway\jsonpath\json-path\2.4.0\json-path-2.4.0.jar;D:\Users\Cai_Jianqiu\.m2\repository\net\minidev\json-smart\2.3\json-smart-2.3.jar;D:\Users\Cai_Jianqiu\.m2\repository\net\minidev\accessors-smart\1.2\accessors-smart-1.2.jar;D:\Users\Cai_Jianqiu\.m2\repository\org\ow2\asm\asm\5.0.4\asm-5.0.4.jar;D:\Users\Cai_Jianqiu\.m2\repository\junit\junit\4.12\junit-4.12.jar;D:\Users\Cai_Jianqiu\.m2\repository\org\assertj\assertj-core\3.9.1\assertj-core-3.9.1.jar;D:\Users\Cai_Jianqiu\.m2\repository\org\mockito\mockito-core\2.15.0\mockito-core-2.15.0.jar;D:\Users\Cai_Jianqiu\.m2\repository\net\bytebuddy\byte-buddy\1.7.11\byte-buddy-1.7.11.jar;D:\Users\Cai_Jianqiu\.m2\repository\net\bytebuddy\byte-buddy-agent\1.7.11\byte-buddy-agent-1.7.11.jar;D:\Users\Cai_Jianqiu\.m2\repository\org\objenesis\objenesis\2.6\objenesis-2.6.jar;D:\Users\Cai_Jianqiu\.m2\repository\org\hamcrest\hamcrest-core\1.3\hamcrest-core-1.3.jar;D:\Users\Cai_Jianqiu\.m2\repository\org\hamcrest\hamcrest-library\1.3\hamcrest-library-1.3.jar;D:\Users\Cai_Jianqiu\.m2\repository\org\skyscreamer\jsonassert\1.5.0\jsonassert-1.5.0.jar;D:\Users\Cai_Jianqiu\.m2\repository\com\vaadin\external\google\android-json\0.0.20131108.vaadin1\android-json-0.0.20131108.vaadin1.jar;D:\Users\Cai_Jianqiu\.m2\repository\org\springframework\spring-core\5.0.12.RELEASE\spring-core-5.0.12.RELEASE.jar;D:\Users\Cai_Jianqiu\.m2\repository\org\springframework\spring-jcl\5.0.12.RELEASE\spring-jcl-5.0.12.RELEASE.jar;D:\Users\Cai_Jianqiu\.m2\repository\org\springframework\spring-test\5.0.12.RELEASE\spring-test-5.0.12.RELEASE.jar;D:\Users\Cai_Jianqiu\.m2\repository\org\xmlunit\xmlunit-core\2.5.1\xmlunit-core-2.5.1.jar;D:\Users\Cai_Jianqiu\.m2\repository\org\springframework\boot\spring-boot-devtools\2.0.8.RELEASE\spring-boot-devtools-2.0.8.RELEASE.jar;D:\Users\Cai_Jianqiu\.m2\repository\org\springframework\boot\spring-boot\2.0.8.RELEASE\spring-boot-2.0.8.RELEASE.jar;D:\Users\Cai_Jianqiu\.m2\repository\org\springframework\boot\spring-boot-autoconfigure\2.0.8.RELEASE\spring-boot-autoconfigure-2.0.8.RELEASE.jar;, java.specification.name=Java Platform API Specification, java.class.version=52.0, sun.management.compiler=HotSpot 64-Bit Tiered Compilers, os.version=10.0, user.home=C:\Users\Cai_Jianqiu, user.timezone=Asia/Shanghai, java.awt.printerjob=sun.awt.windows.WPrinterJob, file.encoding=GBK, java.specification.version=1.8, java.class.path=D:\Users\Cai_Jianqiu\Documents\Intellij_Projects\springboot-blog\target\test-classes;D:\Users\Cai_Jianqiu\Documents\Intellij_Projects\springboot-blog\target\classes;D:\Users\Cai_Jianqiu\.m2\repository\org\springframework\boot\spring-boot-starter-data-jpa\2.0.8.RELEASE\spring-boot-starter-data-jpa-2.0.8.RELEASE.jar;D:\Users\Cai_Jianqiu\.m2\repository\org\springframework\boot\spring-boot-starter\2.0.8.RELEASE\spring-boot-starter-2.0.8.RELEASE.jar;D:\Users\Cai_Jianqiu\.m2\repository\org\springframework\boot\spring-boot-starter-logging\2.0.8.RELEASE\spring-boot-starter-logging-2.0.8.RELEASE.jar;D:\Users\Cai_Jianqiu\.m2\repository\ch\qos\logback\logback-classic\1.2.3\logback-classic-1.2.3.jar;D:\Users\Cai_Jianqiu\.m2\repository\ch\qos\logback\logback-core\1.2.3\logback-core-1.2.3.jar;D:\Users\Cai_Jianqiu\.m2\repository\org\apache\logging\log4j\log4j-to-slf4j\2.10.0\log4j-to-slf4j-2.10.0.jar;D:\Users\Cai_Jianqiu\.m2\repository\org\apache\logging\log4j\log4j-api\2.10.0\log4j-api-2.10.0.jar;D:\Users\Cai_Jianqiu\.m2\repository\org\slf4j\jul-to-slf4j\1.7.25\jul-to-slf4j-1.7.25.jar;D:\Users\Cai_Jianqiu\.m2\repository\javax\annotation\javax.annotation-api\1.3.2\javax.annotation-api-1.3.2.jar;D:\Users\Cai_Jianqiu\.m2\repository\org\yaml\snakeyaml\1.19\snakeyaml-1.19.jar;D:\Users\Cai_Jianqiu\.m2\repository\org\springframework\boot\spring-boot-starter-aop\2.0.8.RELEASE\spring-boot-starter-aop-2.0.8.RELEASE.jar;D:\Users\Cai_Jianqiu\.m2\repository\org\aspectj\aspectjweaver\1.8.13\aspectjweaver-1.8.13.jar;D:\Users\Cai_Jianqiu\.m2\repository\org\springframework\boot\spring-boot-starter-jdbc\2.0.8.RELEASE\spring-boot-starter-jdbc-2.0.8.RELEASE.jar;D:\Users\Cai_Jianqiu\.m2\repository\com\zaxxer\HikariCP\2.7.9\HikariCP-2.7.9.jar;D:\Users\Cai_Jianqiu\.m2\repository\org\springframework\spring-jdbc\5.0.12.RELEASE\spring-jdbc-5.0.12.RELEASE.jar;D:\Users\Cai_Jianqiu\.m2\repository\javax\transaction\javax.transaction-api\1.2\javax.transaction-api-1.2.jar;D:\Users\Cai_Jianqiu\.m2\repository\org\hibernate\hibernate-core\5.2.17.Final\hibernate-core-5.2.17.Final.jar;D:\Users\Cai_Jianqiu\.m2\repository\org\jboss\logging\jboss-logging\3.3.2.Final\jboss-logging-3.3.2.Final.jar;D:\Users\Cai_Jianqiu\.m2\repository\org\hibernate\javax\persistence\hibernate-jpa-2.1-api\1.0.2.Final\hibernate-jpa-2.1-api-1.0.2.Final.jar;D:\Users\Cai_Jianqiu\.m2\repository\org\javassist\javassist\3.22.0-GA\javassist-3.22.0-GA.jar;D:\Users\Cai_Jianqiu\.m2\repository\antlr\antlr\2.7.7\antlr-2.7.7.jar;D:\Users\Cai_Jianqiu\.m2\repository\org\jboss\jandex\2.0.3.Final\jandex-2.0.3.Final.jar;D:\Users\Cai_Jianqiu\.m2\repository\com\fasterxml\classmate\1.3.4\classmate-1.3.4.jar;D:\Users\Cai_Jianqiu\.m2\repository\dom4j\dom4j\1.6.1\dom4j-1.6.1.jar;D:\Users\Cai_Jianqiu\.m2\repository\org\hibernate\common\hibernate-commons-annotations\5.0.1.Final\hibernate-commons-annotations-5.0.1.Final.jar;D:\Users\Cai_Jianqiu\.m2\repository\org\springframework\data\spring-data-jpa\2.0.13.RELEASE\spring-data-jpa-2.0.13.RELEASE.jar;D:\Users\Cai_Jianqiu\.m2\repository\org\springframework\data\spring-data-commons\2.0.13.RELEASE\spring-data-commons-2.0.13.RELEASE.jar;D:\Users\Cai_Jianqiu\.m2\repository\org\springframework\spring-orm\5.0.12.RELEASE\spring-orm-5.0.12.RELEASE.jar;D:\Users\Cai_Jianqiu\.m2\repository\org\springframework\spring-context\5.0.12.RELEASE\spring-context-5.0.12.RELEASE.jar;D:\Users\Cai_Jianqiu\.m2\repository\org\springframework\spring-tx\5.0.12.RELEASE\spring-tx-5.0.12.RELEASE.jar;D:\Users\Cai_Jianqiu\.m2\repository\org\springframework\spring-beans\5.0.12.RELEASE\spring-beans-5.0.12.RELEASE.jar;D:\Users\Cai_Jianqiu\.m2\repository\org\springframework\spring-aspects\5.0.12.RELEASE\spring-aspects-5.0.12.RELEASE.jar;D:\Users\Cai_Jianqiu\.m2\repository\org\springframework\boot\spring-boot-starter-thymeleaf\2.0.8.RELEASE\spring-boot-starter-thymeleaf-2.0.8.RELEASE.jar;D:\Users\Cai_Jianqiu\.m2\repository\org\thymeleaf\thymeleaf-spring5\3.0.11.RELEASE\thymeleaf-spring5-3.0.11.RELEASE.jar;D:\Users\Cai_Jianqiu\.m2\repository\org\thymeleaf\thymeleaf\3.0.11.RELEASE\thymeleaf-3.0.11.RELEASE.jar;D:\Users\Cai_Jianqiu\.m2\repository\org\attoparser\attoparser\2.0.5.RELEASE\attoparser-2.0.5.RELEASE.jar;D:\Users\Cai_Jianqiu\.m2\repository\org\unbescape\unbescape\1.1.6.RELEASE\unbescape-1.1.6.RELEASE.jar;D:\Users\Cai_Jianqiu\.m2\repository\org\thymeleaf\extras\thymeleaf-extras-java8time\3.0.2.RELEASE\thymeleaf-extras-java8time-3.0.2.RELEASE.jar;D:\Users\Cai_Jianqiu\.m2\repository\org\springframework\boot\spring-boot-starter-web\2.0.8.RELEASE\spring-boot-starter-web-2.0.8.RELEASE.jar;D:\Users\Cai_Jianqiu\.m2\repository\org\springframework\boot\spring-boot-starter-json\2.0.8.RELEASE\spring-boot-starter-json-2.0.8.RELEASE.jar;D:\Users\Cai_Jianqiu\.m2\repository\com\fasterxml\jackson\core\jackson-databind\2.9.8\jackson-databind-2.9.8.jar;D:\Users\Cai_Jianqiu\.m2\repository\com\fasterxml\jackson\core\jackson-annotations\2.9.0\jackson-annotations-2.9.0.jar;D:\Users\Cai_Jianqiu\.m2\repository\com\fasterxml\jackson\core\jackson-core\2.9.8\jackson-core-2.9.8.jar;D:\Users\Cai_Jianqiu\.m2\repository\com\fasterxml\jackson\datatype\jackson-datatype-jdk8\2.9.8\jackson-datatype-jdk8-2.9.8.jar;D:\Users\Cai_Jianqiu\.m2\repository\com\fasterxml\jackson\datatype\jackson-datatype-jsr310\2.9.8\jackson-datatype-jsr310-2.9.8.jar;D:\Users\Cai_Jianqiu\.m2\repository\com\fasterxml\jackson\module\jackson-module-parameter-names\2.9.8\jackson-module-parameter-names-2.9.8.jar;D:\Users\Cai_Jianqiu\.m2\repository\org\springframework\boot\spring-boot-starter-tomcat\2.0.8.RELEASE\spring-boot-starter-tomcat-2.0.8.RELEASE.jar;D:\Users\Cai_Jianqiu\.m2\repository\org\apache\tomcat\embed\tomcat-embed-core\8.5.37\tomcat-embed-core-8.5.37.jar;D:\Users\Cai_Jianqiu\.m2\repository\org\apache\tomcat\embed\tomcat-embed-el\8.5.37\tomcat-embed-el-8.5.37.jar;D:\Users\Cai_Jianqiu\.m2\repository\org\apache\tomcat\embed\tomcat-embed-websocket\8.5.37\tomcat-embed-websocket-8.5.37.jar;D:\Users\Cai_Jianqiu\.m2\repository\org\hibernate\validator\hibernate-validator\6.0.14.Final\hibernate-validator-6.0.14.Final.jar;D:\Users\Cai_Jianqiu\.m2\repository\javax\validation\validation-api\2.0.1.Final\validation-api-2.0.1.Final.jar;D:\Users\Cai_Jianqiu\.m2\repository\org\springframework\spring-web\5.0.12.RELEASE\spring-web-5.0.12.RELEASE.jar;D:\Users\Cai_Jianqiu\.m2\repository\org\springframework\spring-webmvc\5.0.12.RELEASE\spring-webmvc-5.0.12.RELEASE.jar;D:\Users\Cai_Jianqiu\.m2\repository\org\springframework\spring-expression\5.0.12.RELEASE\spring-expression-5.0.12.RELEASE.jar;D:\Users\Cai_Jianqiu\.m2\repository\mysql\mysql-connector-java\5.1.47\mysql-connector-java-5.1.47.jar;D:\Users\Cai_Jianqiu\.m2\repository\org\projectlombok\lombok\1.16.22\lombok-1.16.22.jar;D:\Users\Cai_Jianqiu\.m2\repository\org\apache\commons\commons-lang3\3.7\commons-lang3-3.7.jar;D:\Users\Cai_Jianqiu\.m2\repository\org\springframework\boot\spring-boot-starter-security\2.0.8.RELEASE\spring-boot-starter-security-2.0.8.RELEASE.jar;D:\Users\Cai_Jianqiu\.m2\repository\org\springframework\spring-aop\5.0.12.RELEASE\spring-aop-5.0.12.RELEASE.jar;D:\Users\Cai_Jianqiu\.m2\repository\org\springframework\security\spring-security-config\5.0.11.RELEASE\spring-security-config-5.0.11.RELEASE.jar;D:\Users\Cai_Jianqiu\.m2\repository\org\springframework\security\spring-security-core\5.0.11.RELEASE\spring-security-core-5.0.11.RELEASE.jar;D:\Users\Cai_Jianqiu\.m2\repository\org\springframework\security\spring-security-web\5.0.11.RELEASE\spring-security-web-5.0.11.RELEASE.jar;D:\Users\Cai_Jianqiu\.m2\repository\org\thymeleaf\extras\thymeleaf-extras-springsecurity4\3.0.4.RELEASE\thymeleaf-extras-springsecurity4-3.0.4.RELEASE.jar;D:\Users\Cai_Jianqiu\.m2\repository\org\slf4j\slf4j-api\1.7.25\slf4j-api-1.7.25.jar;D:\Users\Cai_Jianqiu\.m2\repository\org\springframework\boot\spring-boot-starter-test\2.0.8.RELEASE\spring-boot-starter-test-2.0.8.RELEASE.jar;D:\Users\Cai_Jianqiu\.m2\repository\org\springframework\boot\spring-boot-test\2.0.8.RELEASE\spring-boot-test-2.0.8.RELEASE.jar;D:\Users\Cai_Jianqiu\.m2\repository\org\springframework\boot\spring-boot-test-autoconfigure\2.0.8.RELEASE\spring-boot-test-autoconfigure-2.0.8.RELEASE.jar;D:\Users\Cai_Jianqiu\.m2\repository\com\jayway\jsonpath\json-path\2.4.0\json-path-2.4.0.jar;D:\Users\Cai_Jianqiu\.m2\repository\net\minidev\json-smart\2.3\json-smart-2.3.jar;D:\Users\Cai_Jianqiu\.m2\repository\net\minidev\accessors-smart\1.2\accessors-smart-1.2.jar;D:\Users\Cai_Jianqiu\.m2\repository\org\ow2\asm\asm\5.0.4\asm-5.0.4.jar;D:\Users\Cai_Jianqiu\.m2\repository\junit\junit\4.12\junit-4.12.jar;D:\Users\Cai_Jianqiu\.m2\repository\org\assertj\assertj-core\3.9.1\assertj-core-3.9.1.jar;D:\Users\Cai_Jianqiu\.m2\repository\org\mockito\mockito-core\2.15.0\mockito-core-2.15.0.jar;D:\Users\Cai_Jianqiu\.m2\repository\net\bytebuddy\byte-buddy\1.7.11\byte-buddy-1.7.11.jar;D:\Users\Cai_Jianqiu\.m2\repository\net\bytebuddy\byte-buddy-agent\1.7.11\byte-buddy-agent-1.7.11.jar;D:\Users\Cai_Jianqiu\.m2\repository\org\objenesis\objenesis\2.6\objenesis-2.6.jar;D:\Users\Cai_Jianqiu\.m2\repository\org\hamcrest\hamcrest-core\1.3\hamcrest-core-1.3.jar;D:\Users\Cai_Jianqiu\.m2\repository\org\hamcrest\hamcrest-library\1.3\hamcrest-library-1.3.jar;D:\Users\Cai_Jianqiu\.m2\repository\org\skyscreamer\jsonassert\1.5.0\jsonassert-1.5.0.jar;D:\Users\Cai_Jianqiu\.m2\repository\com\vaadin\external\google\android-json\0.0.20131108.vaadin1\android-json-0.0.20131108.vaadin1.jar;D:\Users\Cai_Jianqiu\.m2\repository\org\springframework\spring-core\5.0.12.RELEASE\spring-core-5.0.12.RELEASE.jar;D:\Users\Cai_Jianqiu\.m2\repository\org\springframework\spring-jcl\5.0.12.RELEASE\spring-jcl-5.0.12.RELEASE.jar;D:\Users\Cai_Jianqiu\.m2\repository\org\springframework\spring-test\5.0.12.RELEASE\spring-test-5.0.12.RELEASE.jar;D:\Users\Cai_Jianqiu\.m2\repository\org\xmlunit\xmlunit-core\2.5.1\xmlunit-core-2.5.1.jar;D:\Users\Cai_Jianqiu\.m2\repository\org\springframework\boot\spring-boot-devtools\2.0.8.RELEASE\spring-boot-devtools-2.0.8.RELEASE.jar;D:\Users\Cai_Jianqiu\.m2\repository\org\springframework\boot\spring-boot\2.0.8.RELEASE\spring-boot-2.0.8.RELEASE.jar;D:\Users\Cai_Jianqiu\.m2\repository\org\springframework\boot\spring-boot-autoconfigure\2.0.8.RELEASE\spring-boot-autoconfigure-2.0.8.RELEASE.jar;, user.name=Cai_Jianqiu, java.vm.specification.version=1.8, sun.java.command=C:\Users\CAI_JI~1\AppData\Local\Temp\surefire2579635627966068474\surefirebooter8836778453098784807.jar C:\Users\Cai_Jianqiu\AppData\Local\Temp\surefire2579635627966068474 2019-05-22T22-56-59_926-jvmRun1 surefire2845780889670400767tmp surefire_06176757142959212548tmp, java.home=F:\Program Files\Java\jdk1.8.0_201\jre, sun.arch.data.model=64, user.language=zh, java.specification.vendor=Oracle Corporation, awt.toolkit=sun.awt.windows.WToolkit, idea.version2019.1.2=true, java.vm.info=mixed mode, java.version=1.8.0_201, java.ext.dirs=F:\Program Files\Java\jdk1.8.0_201\jre\lib\ext;C:\WINDOWS\Sun\Java\lib\ext, sun.boot.class.path=F:\Program Files\Java\jdk1.8.0_201\jre\lib\resources.jar;F:\Program Files\Java\jdk1.8.0_201\jre\lib\rt.jar;F:\Program Files\Java\jdk1.8.0_201\jre\lib\sunrsasign.jar;F:\Program Files\Java\jdk1.8.0_201\jre\lib\jsse.jar;F:\Program Files\Java\jdk1.8.0_201\jre\lib\jce.jar;F:\Program Files\Java\jdk1.8.0_201\jre\lib\charsets.jar;F:\Program Files\Java\jdk1.8.0_201\jre\lib\jfr.jar;F:\Program Files\Java\jdk1.8.0_201\jre\classes, java.vendor=Oracle Corporation, localRepository=D:\Users\Cai_Jianqiu\.m2\repository, file.separator=\, java.vendor.url.bug=http://bugreport.sun.com/bugreport/, sun.io.unicode.encoding=UnicodeLittle, sun.cpu.endian=little, sun.desktop=windows, sun.cpu.isalist=amd64}}, SystemEnvironmentPropertySource@1462044018 {name='systemEnvironment', properties={PATH=F:\ProgramData\Anaconda3;F:\ProgramData\Anaconda3\Library\mingw-w64\bin;F:\ProgramData\Anaconda3\Library\usr\bin;F:\ProgramData\Anaconda3\Library\bin;F:\ProgramData\Anaconda3\Scripts;F:\Program Files (x86)\NetSarang\Xshell 6\;F:\Program Files (x86)\NetSarang\Xftp 6\;C:\Program Files (x86)\Common Files\Oracle\Java\javapath;C:\Program Files (x86)\Intel\Intel(R) Management Engine Components\iCLS\;C:\Program Files\Intel\Intel(R) Management Engine Components\iCLS\;C:\Windows\system32;C:\Windows;C:\Windows\System32\Wbem;C:\Windows\System32\WindowsPowerShell\v1.0\;C:\Program Files (x86)\Intel\Intel(R) Management Engine Components\DAL;C:\Program Files\Intel\Intel(R) Management Engine Components\DAL;C:\Program Files (x86)\Intel\Intel(R) Management Engine Components\IPT;C:\Program Files\Intel\Intel(R) Management Engine Components\IPT;C:\Program Files (x86)\NVIDIA Corporation\PhysX\Common;C:\WINDOWS\system32;C:\WINDOWS;C:\WINDOWS\System32\Wbem;C:\WINDOWS\System32\WindowsPowerShell\v1.0\;C:\WINDOWS\System32\OpenSSH\;F:\Program Files\MATLAB\R2019a\runtime\win64;F:\Program Files\MATLAB\R2019a\bin;C:\Program Files\NVIDIA Corporation\NVIDIA NvDLISR;C:\WINDOWS\system32;C:\WINDOWS;C:\WINDOWS\System32\Wbem;C:\WINDOWS\System32\WindowsPowerShell\v1.0\;C:\WINDOWS\System32\OpenSSH\;F:\Program Files\nodejs;F:\Program Files\nodejs\npm_modules;C:\Users\Cai_Jianqiu\AppData\Local\Microsoft\WindowsApps;C:\Users\Cai_Jianqiu\AppData\Local\Programs\Microsoft VS Code\bin;F:\Program Files (x86)\Microsoft Visual Studio Code\Microsoft VS Code\bin;C:\Users\Cai_Jianqiu\AppData\Local\Microsoft\WindowsApps;, USERDOMAIN_ROAMINGPROFILE=LENOVOPC, PROCESSOR_LEVEL=6, SYSTEMDRIVE=C:, VS140COMNTOOLS=F:\Program Files (x86)\Microsoft Visual Studio\Common7\Tools\, ANS_OLD_ATTACH=1, SESSIONNAME=Console, ALLUSERSPROFILE=C:\ProgramData, PROCESSOR_ARCHITECTURE=AMD64, DRIVERDATA=C:\Windows\System32\Drivers\DriverData, PROGRAMFILES=C:\Program Files, PSMODULEPATH=C:\Program Files\WindowsPowerShell\Modules;C:\WINDOWS\system32\WindowsPowerShell\v1.0\Modules, PROGRAMDATA=C:\ProgramData, USERNAME=Cai_Jianqiu, ONEDRIVE=C:\Users\Cai_Jianqiu\OneDrive, CONFIGSETROOT=C:\WINDOWS\ConfigSetRoot, PATHEXT=.COM;.EXE;.BAT;.CMD;.VBS;.VBE;.JS;.JSE;.WSF;.WSH;.MSC, ONEDRIVECONSUMER=C:\Users\Cai_Jianqiu\OneDrive, LSTC_LICENSE=ANSYS, WINDIR=C:\WINDOWS, HOMEPATH=\Users\Cai_Jianqiu, PROCESSOR_IDENTIFIER=Intel64 Family 6 Model 158 Stepping 10, GenuineIntel, PUBLIC=C:\Users\Public, =::=::\, LOCALAPPDATA=C:\Users\Cai_Jianqiu\AppData\Local, COMMONPROGRAMFILES(X86)=C:\Program Files (x86)\Common Files, USERDOMAIN=LENOVOPC, LOGONSERVER=\\LENOVOPC, PROMPT=$P$G, PROGRAMFILES(X86)=C:\Program Files (x86), QTMSBUILD=C:\Users\Cai_Jianqiu\AppData\Local\QtMsBuild, APPDATA=C:\Users\Cai_Jianqiu\AppData\Roaming, PROGRAMW6432=C:\Program Files, SYSTEMROOT=C:\WINDOWS, VS150PROCOMNTOOLS=F:\Program Files (x86)\Microsoft Visual Studio\2017\Professional\Common7\Tools\, ANSYS_SYSDIR=winx64, ANSYS_SYSDIR32=win32, OS=Windows_NT, COMMONPROGRAMW6432=C:\Program Files\Common Files, COMPUTERNAME=LENOVOPC, COMMONPROGRAMFILES=C:\Program Files\Common Files, COMSPEC=C:\WINDOWS\system32\cmd.exe, PROCESSOR_REVISION=9e0a, PYCHARM=F:\Program Files\JetBrains\PyCharm 2018.3\bin;, =D:=D:\Users\Cai_Jianqiu\Documents\Intellij_Projects\springboot-blog, TEMP=C:\Users\CAI_JI~1\AppData\Local\Temp, HOMEDRIVE=C:, USERPROFILE=C:\Users\Cai_Jianqiu, TMP=C:\Users\CAI_JI~1\AppData\Local\Temp, NUMBER_OF_PROCESSORS=12}}]
22:57:03.461 [main] DEBUG org.springframework.test.context.support.TestPropertySourceUtils - Adding inlined properties to environment: {spring.jmx.enabled=false, org.springframework.boot.test.context.SpringBootTestContextBootstrapper=true, server.port=-1}
22:57:03.461 [main] DEBUG org.springframework.core.env.StandardEnvironment - Adding PropertySource 'Inlined Test Properties' with highest search precedence

  .   ____          _            __ _ _
 /\\ / ___'_ __ _ _(_)_ __  __ _ \ \ \ \
( ( )\___ | '_ | '_| | '_ \/ _` | \ \ \ \
 \\/  ___)| |_)| | | | | || (_| |  ) ) ) )
  '  |____| .__|_| |_|_| |_\__, | / / / /
 =========|_|==============|___/=/_/_/_/
 :: Spring Boot ::        (v2.0.8.RELEASE)

2019-05-22 22:57:03.653  INFO 4844 --- [           main] c.c.s.SpringbootBlogApplicationTests     : Starting SpringbootBlogApplicationTests on LenovoPC with PID 4844 (started by Cai_Jianqiu in D:\Users\Cai_Jianqiu\Documents\Intellij_Projects\springboot-blog)
2019-05-22 22:57:03.654  INFO 4844 --- [           main] c.c.s.SpringbootBlogApplicationTests     : No active profile set, falling back to default profiles: default
2019-05-22 22:57:03.686  INFO 4844 --- [           main] o.s.w.c.s.GenericWebApplicationContext   : Refreshing org.springframework.web.context.support.GenericWebApplicationContext@6be968ce: startup date [Wed May 22 22:57:03 CST 2019]; root of context hierarchy
2019-05-22 22:57:04.626  INFO 4844 --- [           main] trationDelegate$BeanPostProcessorChecker : Bean 'org.springframework.transaction.annotation.ProxyTransactionManagementConfiguration' of type [org.springframework.transaction.annotation.ProxyTransactionManagementConfiguration$$EnhancerBySpringCGLIB$$49c14a4a] is not eligible for getting processed by all BeanPostProcessors (for example: not eligible for auto-proxying)
2019-05-22 22:57:04.658  INFO 4844 --- [           main] trationDelegate$BeanPostProcessorChecker : Bean 'org.springframework.security.config.annotation.configuration.ObjectPostProcessorConfiguration' of type [org.springframework.security.config.annotation.configuration.ObjectPostProcessorConfiguration$$EnhancerBySpringCGLIB$$e26f1284] is not eligible for getting processed by all BeanPostProcessors (for example: not eligible for auto-proxying)
2019-05-22 22:57:04.665  INFO 4844 --- [           main] trationDelegate$BeanPostProcessorChecker : Bean 'objectPostProcessor' of type [org.springframework.security.config.annotation.configuration.AutowireBeanFactoryObjectPostProcessor] is not eligible for getting processed by all BeanPostProcessors (for example: not eligible for auto-proxying)
2019-05-22 22:57:04.666  INFO 4844 --- [           main] trationDelegate$BeanPostProcessorChecker : Bean 'org.springframework.security.access.expression.method.DefaultMethodSecurityExpressionHandler@250b236d' of type [org.springframework.security.access.expression.method.DefaultMethodSecurityExpressionHandler] is not eligible for getting processed by all BeanPostProcessors (for example: not eligible for auto-proxying)
2019-05-22 22:57:04.669  INFO 4844 --- [           main] trationDelegate$BeanPostProcessorChecker : Bean 'org.springframework.security.config.annotation.method.configuration.GlobalMethodSecurityConfiguration' of type [org.springframework.security.config.annotation.method.configuration.GlobalMethodSecurityConfiguration$$EnhancerBySpringCGLIB$$743b536] is not eligible for getting processed by all BeanPostProcessors (for example: not eligible for auto-proxying)
2019-05-22 22:57:04.675  INFO 4844 --- [           main] trationDelegate$BeanPostProcessorChecker : Bean 'methodSecurityMetadataSource' of type [org.springframework.security.access.method.DelegatingMethodSecurityMetadataSource] is not eligible for getting processed by all BeanPostProcessors (for example: not eligible for auto-proxying)
2019-05-22 22:57:04.724  WARN 4844 --- [           main] o.s.w.c.s.GenericWebApplicationContext   : Exception encountered during context initialization - cancelling refresh attempt: org.springframework.beans.factory.UnsatisfiedDependencyException: Error creating bean with name 'inMemoryDatabaseShutdownExecutor' defined in class path resource [org/springframework/boot/devtools/autoconfigure/DevToolsDataSourceAutoConfiguration.class]: Unsatisfied dependency expressed through method 'inMemoryDatabaseShutdownExecutor' parameter 0; nested exception is org.springframework.beans.factory.BeanCreationException: Error creating bean with name 'dataSource' defined in class path resource [org/springframework/boot/autoconfigure/jdbc/DataSourceConfiguration$Hikari.class]: Bean instantiation via factory method failed; nested exception is org.springframework.beans.BeanInstantiationException: Failed to instantiate [com.zaxxer.hikari.HikariDataSource]: Factory method 'dataSource' threw exception; nested exception is java.lang.IllegalStateException: Cannot load driver class: com.mysql.cj.jdbc.Driver
2019-05-22 22:57:04.729  INFO 4844 --- [           main] ConditionEvaluationReportLoggingListener : 

Error starting ApplicationContext. To display the conditions report re-run your application with 'debug' enabled.
2019-05-22 22:57:04.734 ERROR 4844 --- [           main] o.s.boot.SpringApplication               : Application run failed

org.springframework.beans.factory.UnsatisfiedDependencyException: Error creating bean with name 'inMemoryDatabaseShutdownExecutor' defined in class path resource [org/springframework/boot/devtools/autoconfigure/DevToolsDataSourceAutoConfiguration.class]: Unsatisfied dependency expressed through method 'inMemoryDatabaseShutdownExecutor' parameter 0; nested exception is org.springframework.beans.factory.BeanCreationException: Error creating bean with name 'dataSource' defined in class path resource [org/springframework/boot/autoconfigure/jdbc/DataSourceConfiguration$Hikari.class]: Bean instantiation via factory method failed; nested exception is org.springframework.beans.BeanInstantiationException: Failed to instantiate [com.zaxxer.hikari.HikariDataSource]: Factory method 'dataSource' threw exception; nested exception is java.lang.IllegalStateException: Cannot load driver class: com.mysql.cj.jdbc.Driver
	at org.springframework.beans.factory.support.ConstructorResolver.createArgumentArray(ConstructorResolver.java:733) ~[spring-beans-5.0.12.RELEASE.jar:5.0.12.RELEASE]
	at org.springframework.beans.factory.support.ConstructorResolver.instantiateUsingFactoryMethod(ConstructorResolver.java:475) ~[spring-beans-5.0.12.RELEASE.jar:5.0.12.RELEASE]
	at org.springframework.beans.factory.support.AbstractAutowireCapableBeanFactory.instantiateUsingFactoryMethod(AbstractAutowireCapableBeanFactory.java:1246) ~[spring-beans-5.0.12.RELEASE.jar:5.0.12.RELEASE]
	at org.springframework.beans.factory.support.AbstractAutowireCapableBeanFactory.createBeanInstance(AbstractAutowireCapableBeanFactory.java:1096) ~[spring-beans-5.0.12.RELEASE.jar:5.0.12.RELEASE]
	at org.springframework.beans.factory.support.AbstractAutowireCapableBeanFactory.doCreateBean(AbstractAutowireCapableBeanFactory.java:535) ~[spring-beans-5.0.12.RELEASE.jar:5.0.12.RELEASE]
	at org.springframework.beans.factory.support.AbstractAutowireCapableBeanFactory.createBean(AbstractAutowireCapableBeanFactory.java:495) ~[spring-beans-5.0.12.RELEASE.jar:5.0.12.RELEASE]
	at org.springframework.beans.factory.support.AbstractBeanFactory.lambda$doGetBean$0(AbstractBeanFactory.java:317) ~[spring-beans-5.0.12.RELEASE.jar:5.0.12.RELEASE]
[...]
	at org.apache.maven.surefire.junit4.JUnit4Provider.executeTestSet(JUnit4Provider.java:238) [surefire-junit4-2.21.0.jar:2.21.0]
	at org.apache.maven.surefire.junit4.JUnit4Provider.invoke(JUnit4Provider.java:159) [surefire-junit4-2.21.0.jar:2.21.0]
	at org.apache.maven.surefire.booter.ForkedBooter.invokeProviderInSameClassLoader(ForkedBooter.java:379) [surefire-booter-2.21.0.jar:2.21.0]
	at org.apache.maven.surefire.booter.ForkedBooter.runSuitesInProcess(ForkedBooter.java:340) [surefire-booter-2.21.0.jar:2.21.0]
	at org.apache.maven.surefire.booter.ForkedBooter.execute(ForkedBooter.java:125) [surefire-booter-2.21.0.jar:2.21.0]
	at org.apache.maven.surefire.booter.ForkedBooter.main(ForkedBooter.java:413) [surefire-booter-2.21.0.jar:2.21.0]
Caused by: org.springframework.beans.factory.BeanCreationException: Error creating bean with name 'dataSource' defined in class path resource [org/springframework/boot/autoconfigure/jdbc/DataSourceConfiguration$Hikari.class]: Bean instantiation via factory method failed; nested exception is org.springframework.beans.BeanInstantiationException: Failed to instantiate [com.zaxxer.hikari.HikariDataSource]: Factory method 'dataSource' threw exception; nested exception is java.lang.IllegalStateException: Cannot load driver class: com.mysql.cj.jdbc.Driver
	at org.springframework.beans.factory.support.ConstructorResolver.instantiateUsingFactoryMethod(ConstructorResolver.java:591) ~[spring-beans-5.0.12.RELEASE.jar:5.0.12.RELEASE]
	at org.springframework.beans.factory.support.AbstractAutowireCapableBeanFactory.instantiateUsingFactoryMethod(AbstractAutowireCapableBeanFactory.java:1246) ~[spring-beans-5.0.12.RELEASE.jar:5.0.12.RELEASE]
	at org.springframework.beans.factory.support.AbstractAutowireCapableBeanFactory.createBeanInstance(AbstractAutowireCapableBeanFactory.java:1096) ~[spring-beans-5.0.12.RELEASE.jar:5.0.12.RELEASE]
	at org.springframework.beans.factory.support.AbstractAutowireCapableBeanFactory.doCreateBean(AbstractAutowireCapableBeanFactory.java:535) ~[spring-beans-5.0.12.RELEASE.jar:5.0.12.RELEASE]
	at org.springframework.beans.factory.support.AbstractAutowireCapableBeanFactory.createBean(AbstractAutowireCapableBeanFactory.java:495) ~[spring-beans-5.0.12.RELEASE.jar:5.0.12.RELEASE]
	at org.springframework.beans.factory.support.AbstractBeanFactory.lambda$doGetBean$0(AbstractBeanFactory.java:317) ~[spring-beans-5.0.12.RELEASE.jar:5.0.12.RELEASE]
	at org.springframework.beans.factory.support.DefaultSingletonBeanRegistry.getSingleton(DefaultSingletonBeanRegistry.java:222) ~[spring-beans-5.0.12.RELEASE.jar:5.0.12.RELEASE]
	at org.springframework.beans.factory.support.AbstractBeanFactory.doGetBean(AbstractBeanFactory.java:315) ~[spring-beans-5.0.12.RELEASE.jar:5.0.12.RELEASE]
	at org.springframework.beans.factory.support.AbstractBeanFactory.getBean(AbstractBeanFactory.java:199) ~[spring-beans-5.0.12.RELEASE.jar:5.0.12.RELEASE]
	at org.springframework.beans.factory.config.DependencyDescriptor.resolveCandidate(DependencyDescriptor.java:251) ~[spring-beans-5.0.12.RELEASE.jar:5.0.12.RELEASE]
	at org.springframework.beans.factory.support.DefaultListableBeanFactory.doResolveDependency(DefaultListableBeanFactory.java:1135) ~[spring-beans-5.0.12.RELEASE.jar:5.0.12.RELEASE]
	at org.springframework.beans.factory.support.DefaultListableBeanFactory.resolveDependency(DefaultListableBeanFactory.java:1062) ~[spring-beans-5.0.12.RELEASE.jar:5.0.12.RELEASE]
	at org.springframework.beans.factory.support.ConstructorResolver.resolveAutowiredArgument(ConstructorResolver.java:819) ~[spring-beans-5.0.12.RELEASE.jar:5.0.12.RELEASE]
	at org.springframework.beans.factory.support.ConstructorResolver.createArgumentArray(ConstructorResolver.java:725) ~[spring-beans-5.0.12.RELEASE.jar:5.0.12.RELEASE]
	... 47 common frames omitted
Caused by: org.springframework.beans.BeanInstantiationException: Failed to instantiate [com.zaxxer.hikari.HikariDataSource]: Factory method 'dataSource' threw exception; nested exception is java.lang.IllegalStateException: Cannot load driver class: com.mysql.cj.jdbc.Driver
	at org.springframework.beans.factory.support.SimpleInstantiationStrategy.instantiate(SimpleInstantiationStrategy.java:185) ~[spring-beans-5.0.12.RELEASE.jar:5.0.12.RELEASE]
	at org.springframework.beans.factory.support.ConstructorResolver.instantiateUsingFactoryMethod(ConstructorResolver.java:583) ~[spring-beans-5.0.12.RELEASE.jar:5.0.12.RELEASE]
	... 60 common frames omitted
Caused by: java.lang.IllegalStateException: Cannot load driver class: com.mysql.cj.jdbc.Driver
	at org.springframework.util.Assert.state(Assert.java:94) ~[spring-core-5.0.12.RELEASE.jar:5.0.12.RELEASE]
	at org.springframework.boot.autoconfigure.jdbc.DataSourceProperties.determineDriverClassName(DataSourceProperties.java:224) ~[spring-boot-autoconfigure-2.0.8.RELEASE.jar:2.0.8.RELEASE]
	at org.springframework.boot.autoconfigure.jdbc.DataSourceProperties.initializeDataSourceBuilder(DataSourceProperties.java:176) ~[spring-boot-autoconfigure-2.0.8.RELEASE.jar:2.0.8.RELEASE]
	at org.springframework.boot.autoconfigure.jdbc.DataSourceConfiguration.createDataSource(DataSourceConfiguration.java:43) ~[spring-boot-autoconfigure-2.0.8.RELEASE.jar:2.0.8.RELEASE]
	at org.springframework.boot.autoconfigure.jdbc.DataSourceConfiguration$Hikari.dataSource(DataSourceConfiguration.java:83) ~[spring-boot-autoconfigure-2.0.8.RELEASE.jar:2.0.8.RELEASE]
	at sun.reflect.NativeMethodAccessorImpl.invoke0(Native Method) ~[na:1.8.0_201]
	at sun.reflect.NativeMethodAccessorImpl.invoke(NativeMethodAccessorImpl.java:62) ~[na:1.8.0_201]
	at sun.reflect.DelegatingMethodAccessorImpl.invoke(DelegatingMethodAccessorImpl.java:43) ~[na:1.8.0_201]
	at java.lang.reflect.Method.invoke(Method.java:498) ~[na:1.8.0_201]
	at org.springframework.beans.factory.support.SimpleInstantiationStrategy.instantiate(SimpleInstantiationStrategy.java:154) ~[spring-beans-5.0.12.RELEASE.jar:5.0.12.RELEASE]
	... 61 common frames omitted

2019-05-22 22:57:04.736 ERROR 4844 --- [           main] o.s.test.context.TestContextManager      : Caught exception while allowing TestExecutionListener [org.springframework.test.context.web.ServletTestExecutionListener@367ffa75] to prepare test instance [com.cjq.springbootblog.SpringbootBlogApplicationTests@35ff8fc9]

java.lang.IllegalStateException: Failed to load ApplicationContext
	at org.springframework.test.context.cache.DefaultCacheAwareContextLoaderDelegate.loadContext(DefaultCacheAwareContextLoaderDelegate.java:125) ~[spring-test-5.0.12.RELEASE.jar:5.0.12.RELEASE]
	at org.springframework.test.context.support.DefaultTestContext.getApplicationContext(DefaultTestContext.java:108) ~[spring-test-5.0.12.RELEASE.jar:5.0.12.RELEASE]
	at org.springframework.test.context.web.ServletTestExecutionListener.setUpRequestContextIfNecessary(ServletTestExecutionListener.java:190) ~[spring-test-5.0.12.RELEASE.jar:5.0.12.RELEASE]
	at org.springframework.test.context.web.ServletTestExecutionListener.prepareTestInstance(ServletTestExecutionListener.java:132) ~[spring-test-5.0.12.RELEASE.jar:5.0.12.RELEASE]
	at org.springframework.test.context.TestContextManager.prepareTestInstance(TestContextManager.java:246) ~[spring-test-5.0.12.RELEASE.jar:5.0.12.RELEASE]
	at org.springframework.test.context.junit4.SpringJUnit4ClassRunner.createTest(SpringJUnit4ClassRunner.java:227) [spring-test-5.0.12.RELEASE.jar:5.0.12.RELEASE]
	at org.springframework.test.context.junit4.SpringJUnit4ClassRunner$1.runReflectiveCall(SpringJUnit4ClassRunner.java:289) [spring-test-5.0.12.RELEASE.jar:5.0.12.RELEASE]
	at org.junit.internal.runners.model.ReflectiveCallable.run(ReflectiveCallable.java:12) [junit-4.12.jar:4.12]
	at org.springframework.test.context.junit4.SpringJUnit4ClassRunner.methodBlock(SpringJUnit4ClassRunner.java:291) [spring-test-5.0.12.RELEASE.jar:5.0.12.RELEASE]
	at org.springframework.test.context.junit4.SpringJUnit4ClassRunner.runChild(SpringJUnit4ClassRunner.java:246) [spring-test-5.0.12.RELEASE.jar:5.0.12.RELEASE]
	at org.springframework.test.context.junit4.SpringJUnit4ClassRunner.runChild(SpringJUnit4ClassRunner.java:97) [spring-test-5.0.12.RELEASE.jar:5.0.12.RELEASE]
	at org.junit.runners.ParentRunner$3.run(ParentRunner.java:290) [junit-4.12.jar:4.12]
	at org.junit.runners.ParentRunner$1.schedule(ParentRunner.java:71) [junit-4.12.jar:4.12]
	at org.junit.runners.ParentRunner.runChildren(ParentRunner.java:288) [junit-4.12.jar:4.12]
	at org.junit.runners.ParentRunner.access$000(ParentRunner.java:58) [junit-4.12.jar:4.12]
	at org.junit.runners.ParentRunner$2.evaluate(ParentRunner.java:268) [junit-4.12.jar:4.12]
	at org.springframework.test.context.junit4.statements.RunBeforeTestClassCallbacks.evaluate(RunBeforeTestClassCallbacks.java:61) [spring-test-5.0.12.RELEASE.jar:5.0.12.RELEASE]
	at org.springframework.test.context.junit4.statements.RunAfterTestClassCallbacks.evaluate(RunAfterTestClassCallbacks.java:70) [spring-test-5.0.12.RELEASE.jar:5.0.12.RELEASE]
	at org.junit.runners.ParentRunner.run(ParentRunner.java:363) [junit-4.12.jar:4.12]
	at org.springframework.test.context.junit4.SpringJUnit4ClassRunner.run(SpringJUnit4ClassRunner.java:190) [spring-test-5.0.12.RELEASE.jar:5.0.12.RELEASE]
	at org.apache.maven.surefire.junit4.JUnit4Provider.execute(JUnit4Provider.java:365) [surefire-junit4-2.21.0.jar:2.21.0]
	at org.apache.maven.surefire.junit4.JUnit4Provider.executeWithRerun(JUnit4Provider.java:273) [surefire-junit4-2.21.0.jar:2.21.0]
	at org.apache.maven.surefire.junit4.JUnit4Provider.executeTestSet(JUnit4Provider.java:238) [surefire-junit4-2.21.0.jar:2.21.0]
	at org.apache.maven.surefire.junit4.JUnit4Provider.invoke(JUnit4Provider.java:159) [surefire-junit4-2.21.0.jar:2.21.0]
	at org.apache.maven.surefire.booter.ForkedBooter.invokeProviderInSameClassLoader(ForkedBooter.java:379) [surefire-booter-2.21.0.jar:2.21.0]
	at org.apache.maven.surefire.booter.ForkedBooter.runSuitesInProcess(ForkedBooter.java:340) [surefire-booter-2.21.0.jar:2.21.0]
	at org.apache.maven.surefire.booter.ForkedBooter.execute(ForkedBooter.java:125) [surefire-booter-2.21.0.jar:2.21.0]
	at org.apache.maven.surefire.booter.ForkedBooter.main(ForkedBooter.java:413) [surefire-booter-2.21.0.jar:2.21.0]
Caused by: org.springframework.beans.factory.UnsatisfiedDependencyException: Error creating bean with name 'inMemoryDatabaseShutdownExecutor' defined in class path resource [org/springframework/boot/devtools/autoconfigure/DevToolsDataSourceAutoConfiguration.class]: Unsatisfied dependency expressed through method 'inMemoryDatabaseShutdownExecutor' parameter 0; nested exception is org.springframework.beans.factory.BeanCreationException: Error creating bean with name 'dataSource' defined in class path resource [org/springframework/boot/autoconfigure/jdbc/DataSourceConfiguration$Hikari.class]: Bean instantiation via factory method failed; nested exception is org.springframework.beans.BeanInstantiationException: Failed to instantiate [com.zaxxer.hikari.HikariDataSource]: Factory method 'dataSource' threw exception; nested exception is java.lang.IllegalStateException: Cannot load driver class: com.mysql.cj.jdbc.Driver
	at org.springframework.beans.factory.support.ConstructorResolver.createArgumentArray(ConstructorResolver.java:733) ~[spring-beans-5.0.12.RELEASE.jar:5.0.12.RELEASE]
	at org.springframework.beans.factory.support.ConstructorResolver.instantiateUsingFactoryMethod(ConstructorResolver.java:475) ~[spring-beans-5.0.12.RELEASE.jar:5.0.12.RELEASE]
	at org.springframework.beans.factory.support.AbstractAutowireCapableBeanFactory.instantiateUsingFactoryMethod(AbstractAutowireCapableBeanFactory.java:1246) ~[spring-beans-5.0.12.RELEASE.jar:5.0.12.RELEASE]
	at org.springframework.beans.factory.support.AbstractAutowireCapableBeanFactory.createBeanInstance(AbstractAutowireCapableBeanFactory.java:1096) ~[spring-beans-5.0.12.RELEASE.jar:5.0.12.RELEASE]
	at org.springframework.beans.factory.support.AbstractAutowireCapableBeanFactory.doCreateBean(AbstractAutowireCapableBeanFactory.java:535) ~[spring-beans-5.0.12.RELEASE.jar:5.0.12.RELEASE]
	at org.springframework.beans.factory.support.AbstractAutowireCapableBeanFactory.createBean(AbstractAutowireCapableBeanFactory.java:495) ~[spring-beans-5.0.12.RELEASE.jar:5.0.12.RELEASE]
	at org.springframework.beans.factory.support.AbstractBeanFactory.lambda$doGetBean$0(AbstractBeanFactory.java:317) ~[spring-beans-5.0.12.RELEASE.jar:5.0.12.RELEASE]
	at org.springframework.beans.factory.support.DefaultSingletonBeanRegistry.getSingleton(DefaultSingletonBeanRegistry.java:222) ~[spring-beans-5.0.12.RELEASE.jar:5.0.12.RELEASE]
	at org.springframework.beans.factory.support.AbstractBeanFactory.doGetBean(AbstractBeanFactory.java:315) ~[spring-beans-5.0.12.RELEASE.jar:5.0.12.RELEASE]
	at org.springframework.beans.factory.support.AbstractBeanFactory.getBean(AbstractBeanFactory.java:199) ~[spring-beans-5.0.12.RELEASE.jar:5.0.12.RELEASE]
	at org.springframework.beans.factory.support.AbstractBeanFactory.doGetBean(AbstractBeanFactory.java:304) ~[spring-beans-5.0.12.RELEASE.jar:5.0.12.RELEASE]
	at org.springframework.beans.factory.support.AbstractBeanFactory.getBean(AbstractBeanFactory.java:199) ~[spring-beans-5.0.12.RELEASE.jar:5.0.12.RELEASE]
	at org.springframework.context.support.AbstractApplicationContext.getBean(AbstractApplicationContext.java:1087) ~[spring-context-5.0.12.RELEASE.jar:5.0.12.RELEASE]
	at org.springframework.context.support.AbstractApplicationContext.finishBeanFactoryInitialization(AbstractApplicationContext.java:857) ~[spring-context-5.0.12.RELEASE.jar:5.0.12.RELEASE]
	at org.springframework.context.support.AbstractApplicationContext.refresh(AbstractApplicationContext.java:548) ~[spring-context-5.0.12.RELEASE.jar:5.0.12.RELEASE]
	at org.springframework.boot.SpringApplication.refresh(SpringApplication.java:754) ~[spring-boot-2.0.8.RELEASE.jar:2.0.8.RELEASE]
	at org.springframework.boot.SpringApplication.refreshContext(SpringApplication.java:386) ~[spring-boot-2.0.8.RELEASE.jar:2.0.8.RELEASE]
	at org.springframework.boot.SpringApplication.run(SpringApplication.java:307) ~[spring-boot-2.0.8.RELEASE.jar:2.0.8.RELEASE]
	at org.springframework.boot.test.context.SpringBootContextLoader.loadContext(SpringBootContextLoader.java:127) ~[spring-boot-test-2.0.8.RELEASE.jar:2.0.8.RELEASE]
	at org.springframework.test.context.cache.DefaultCacheAwareContextLoaderDelegate.loadContextInternal(DefaultCacheAwareContextLoaderDelegate.java:99) ~[spring-test-5.0.12.RELEASE.jar:5.0.12.RELEASE]
	at org.springframework.test.context.cache.DefaultCacheAwareContextLoaderDelegate.loadContext(DefaultCacheAwareContextLoaderDelegate.java:117) ~[spring-test-5.0.12.RELEASE.jar:5.0.12.RELEASE]
	... 27 common frames omitted
Caused by: org.springframework.beans.factory.BeanCreationException: Error creating bean with name 'dataSource' defined in class path resource [org/springframework/boot/autoconfigure/jdbc/DataSourceConfiguration$Hikari.class]: Bean instantiation via factory method failed; nested exception is org.springframework.beans.BeanInstantiationException: Failed to instantiate [com.zaxxer.hikari.HikariDataSource]: Factory method 'dataSource' threw exception; nested exception is java.lang.IllegalStateException: Cannot load driver class: com.mysql.cj.jdbc.Driver
	at org.springframework.beans.factory.support.ConstructorResolver.instantiateUsingFactoryMethod(ConstructorResolver.java:591) ~[spring-beans-5.0.12.RELEASE.jar:5.0.12.RELEASE]
	at org.springframework.beans.factory.support.AbstractAutowireCapableBeanFactory.instantiateUsingFactoryMethod(AbstractAutowireCapableBeanFactory.java:1246) ~[spring-beans-5.0.12.RELEASE.jar:5.0.12.RELEASE]
	at org.springframework.beans.factory.support.AbstractAutowireCapableBeanFactory.createBeanInstance(AbstractAutowireCapableBeanFactory.java:1096) ~[spring-beans-5.0.12.RELEASE.jar:5.0.12.RELEASE]
	at org.springframework.beans.factory.support.AbstractAutowireCapableBeanFactory.doCreateBean(AbstractAutowireCapableBeanFactory.java:535) ~[spring-beans-5.0.12.RELEASE.jar:5.0.12.RELEASE]
	at org.springframework.beans.factory.support.AbstractAutowireCapableBeanFactory.createBean(AbstractAutowireCapableBeanFactory.java:495) ~[spring-beans-5.0.12.RELEASE.jar:5.0.12.RELEASE]
	at org.springframework.beans.factory.support.AbstractBeanFactory.lambda$doGetBean$0(AbstractBeanFactory.java:317) ~[spring-beans-5.0.12.RELEASE.jar:5.0.12.RELEASE]
	at org.springframework.beans.factory.support.DefaultSingletonBeanRegistry.getSingleton(DefaultSingletonBeanRegistry.java:222) ~[spring-beans-5.0.12.RELEASE.jar:5.0.12.RELEASE]
	at org.springframework.beans.factory.support.AbstractBeanFactory.doGetBean(AbstractBeanFactory.java:315) ~[spring-beans-5.0.12.RELEASE.jar:5.0.12.RELEASE]
	at org.springframework.beans.factory.support.AbstractBeanFactory.getBean(AbstractBeanFactory.java:199) ~[spring-beans-5.0.12.RELEASE.jar:5.0.12.RELEASE]
	at org.springframework.beans.factory.config.DependencyDescriptor.resolveCandidate(DependencyDescriptor.java:251) ~[spring-beans-5.0.12.RELEASE.jar:5.0.12.RELEASE]
	at org.springframework.beans.factory.support.DefaultListableBeanFactory.doResolveDependency(DefaultListableBeanFactory.java:1135) ~[spring-beans-5.0.12.RELEASE.jar:5.0.12.RELEASE]
	at org.springframework.beans.factory.support.DefaultListableBeanFactory.resolveDependency(DefaultListableBeanFactory.java:1062) ~[spring-beans-5.0.12.RELEASE.jar:5.0.12.RELEASE]
	at org.springframework.beans.factory.support.ConstructorResolver.resolveAutowiredArgument(ConstructorResolver.java:819) ~[spring-beans-5.0.12.RELEASE.jar:5.0.12.RELEASE]
	at org.springframework.beans.factory.support.ConstructorResolver.createArgumentArray(ConstructorResolver.java:725) ~[spring-beans-5.0.12.RELEASE.jar:5.0.12.RELEASE]
	... 47 common frames omitted
Caused by: org.springframework.beans.BeanInstantiationException: Failed to instantiate [com.zaxxer.hikari.HikariDataSource]: Factory method 'dataSource' threw exception; nested exception is java.lang.IllegalStateException: Cannot load driver class: com.mysql.cj.jdbc.Driver
	at org.springframework.beans.factory.support.SimpleInstantiationStrategy.instantiate(SimpleInstantiationStrategy.java:185) ~[spring-beans-5.0.12.RELEASE.jar:5.0.12.RELEASE]
	at org.springframework.beans.factory.support.ConstructorResolver.instantiateUsingFactoryMethod(ConstructorResolver.java:583) ~[spring-beans-5.0.12.RELEASE.jar:5.0.12.RELEASE]
	... 60 common frames omitted
Caused by: java.lang.IllegalStateException: Cannot load driver class: com.mysql.cj.jdbc.Driver
	at org.springframework.util.Assert.state(Assert.java:94) ~[spring-core-5.0.12.RELEASE.jar:5.0.12.RELEASE]
	at org.springframework.boot.autoconfigure.jdbc.DataSourceProperties.determineDriverClassName(DataSourceProperties.java:224) ~[spring-boot-autoconfigure-2.0.8.RELEASE.jar:2.0.8.RELEASE]
	at org.springframework.boot.autoconfigure.jdbc.DataSourceProperties.initializeDataSourceBuilder(DataSourceProperties.java:176) ~[spring-boot-autoconfigure-2.0.8.RELEASE.jar:2.0.8.RELEASE]
	at org.springframework.boot.autoconfigure.jdbc.DataSourceConfiguration.createDataSource(DataSourceConfiguration.java:43) ~[spring-boot-autoconfigure-2.0.8.RELEASE.jar:2.0.8.RELEASE]
	at org.springframework.boot.autoconfigure.jdbc.DataSourceConfiguration$Hikari.dataSource(DataSourceConfiguration.java:83) ~[spring-boot-autoconfigure-2.0.8.RELEASE.jar:2.0.8.RELEASE]
	at sun.reflect.NativeMethodAccessorImpl.invoke0(Native Method) ~[na:1.8.0_201]
	at sun.reflect.NativeMethodAccessorImpl.invoke(NativeMethodAccessorImpl.java:62) ~[na:1.8.0_201]
	at sun.reflect.DelegatingMethodAccessorImpl.invoke(DelegatingMethodAccessorImpl.java:43) ~[na:1.8.0_201]
	at java.lang.reflect.Method.invoke(Method.java:498) ~[na:1.8.0_201]
	at org.springframework.beans.factory.support.SimpleInstantiationStrategy.instantiate(SimpleInstantiationStrategy.java:154) ~[spring-beans-5.0.12.RELEASE.jar:5.0.12.RELEASE]
	... 61 common frames omitted

]]></system-out>
  </testcase>
</testsuite>